The system is: Linux - 4.18.0-477.27.1.el8_8.x86_64 - x86_64
Compiling the C compiler identification source file "CMakeCCompilerId.c" succeeded.
Compiler: /local/java/gcc-9/bin/gcc 
Build flags: 
Id flags:  

The output was:
0


Compilation of the C compiler identification source "CMakeCCompilerId.c" produced "a.out"

The C compiler identification is GNU, found in "/dcs/21/u2145461/cs310/knnGPU/CMakeFiles/3.20.2/CompilerIdC/a.out"

Compiling the CXX compiler identification source file "CMakeCXXCompilerId.cpp" succeeded.
Compiler: /local/java/gcc-9/bin/g++ 
Build flags: 
Id flags:  

The output was:
0


Compilation of the CXX compiler identification source "CMakeCXXCompilerId.cpp" produced "a.out"

The CXX compiler identification is GNU, found in "/dcs/21/u2145461/cs310/knnGPU/CMakeFiles/3.20.2/CompilerIdCXX/a.out"

Detecting C compiler ABI info compiled with the following output:
Change Dir: /dcs/21/u2145461/cs310/knnGPU/CMakeFiles/CMakeTmp

Run Build Command(s):/usr/bin/gmake -f Makefile cmTC_4ffec/fast && /usr/bin/gmake  -f CMakeFiles/cmTC_4ffec.dir/build.make CMakeFiles/cmTC_4ffec.dir/build
gmake[1]: Entering directory '/dcs/21/u2145461/cs310/knnGPU/CMakeFiles/CMakeTmp'
Building C object CMakeFiles/cmTC_4ffec.dir/CMakeCCompilerABI.c.o
/local/java/gcc-9/bin/gcc   -v -o CMakeFiles/cmTC_4ffec.dir/CMakeCCompilerABI.c.o -c /usr/share/cmake/Modules/CMakeCCompilerABI.c
Using built-in specs.
COLLECT_GCC=/local/java/gcc-9/bin/gcc
Target: x86_64-pc-linux-gnu
Configured with: ./configure --prefix=/tmp/gcc-9.2.0
Thread model: posix
gcc version 9.2.0 (GCC) 
COLLECT_GCC_OPTIONS='-v' '-o' 'CMakeFiles/cmTC_4ffec.dir/CMakeCCompilerABI.c.o' '-c' '-mtune=generic' '-march=x86-64'
 /local/java/gcc-9.2.0/bin/../libexec/gcc/x86_64-pc-linux-gnu/9.2.0/cc1 -quiet -v -iprefix /local/java/gcc-9.2.0/bin/../lib/gcc/x86_64-pc-linux-gnu/9.2.0/ /usr/share/cmake/Modules/CMakeCCompilerABI.c -quiet -dumpbase CMakeCCompilerABI.c -mtune=generic -march=x86-64 -auxbase-strip CMakeFiles/cmTC_4ffec.dir/CMakeCCompilerABI.c.o -version -o /tmp/dcs-tmp.u2145461/ccxRehe6.s
GNU C17 (GCC) version 9.2.0 (x86_64-pc-linux-gnu)
	compiled by GNU C version 9.2.0, GMP version 6.0.0, MPFR version 3.1.1, MPC version 1.0.1, isl version none
warning: GMP header version 6.0.0 differs from library version 6.1.2.
warning: MPFR header version 3.1.1 differs from library version 3.1.6-p2.
warning: MPC header version 1.0.1 differs from library version 1.1.0.
GGC heuristics: --param ggc-min-expand=100 --param ggc-min-heapsize=131072
ignoring nonexistent directory "/local/java/gcc-9.2.0/bin/../lib/gcc/x86_64-pc-linux-gnu/9.2.0/../../../../x86_64-pc-linux-gnu/include"
ignoring duplicate directory "/local/java/gcc-9.2.0/bin/../lib/gcc/../../lib/gcc/x86_64-pc-linux-gnu/9.2.0/include"
ignoring duplicate directory "/local/java/gcc-9.2.0/bin/../lib/gcc/../../lib/gcc/x86_64-pc-linux-gnu/9.2.0/include-fixed"
ignoring nonexistent directory "/local/java/gcc-9.2.0/bin/../lib/gcc/../../lib/gcc/x86_64-pc-linux-gnu/9.2.0/../../../../x86_64-pc-linux-gnu/include"
#include "..." search starts here:
#include <...> search starts here:
 /local/java/gcc-9.2.0/bin/../lib/gcc/x86_64-pc-linux-gnu/9.2.0/include
 /local/java/gcc-9.2.0/bin/../lib/gcc/x86_64-pc-linux-gnu/9.2.0/include-fixed
 /usr/local/include
 /local/java/gcc-9.2.0/bin/../lib/gcc/../../include
 /usr/include
End of search list.
GNU C17 (GCC) version 9.2.0 (x86_64-pc-linux-gnu)
	compiled by GNU C version 9.2.0, GMP version 6.0.0, MPFR version 3.1.1, MPC version 1.0.1, isl version none
warning: GMP header version 6.0.0 differs from library version 6.1.2.
warning: MPFR header version 3.1.1 differs from library version 3.1.6-p2.
warning: MPC header version 1.0.1 differs from library version 1.1.0.
GGC heuristics: --param ggc-min-expand=100 --param ggc-min-heapsize=131072
Compiler executable checksum: 30d88cc8a1ae027c6c02cd5781583091
COLLECT_GCC_OPTIONS='-v' '-o' 'CMakeFiles/cmTC_4ffec.dir/CMakeCCompilerABI.c.o' '-c' '-mtune=generic' '-march=x86-64'
 as -v --64 -o CMakeFiles/cmTC_4ffec.dir/CMakeCCompilerABI.c.o /tmp/dcs-tmp.u2145461/ccxRehe6.s
GNU assembler version 2.30 (x86_64-redhat-linux) using BFD version version 2.30-119.el8_8.2
COMPILER_PATH=/local/java/gcc-9.2.0/bin/../libexec/gcc/x86_64-pc-linux-gnu/9.2.0/:/local/java/gcc-9.2.0/bin/../libexec/gcc/
LIBRARY_PATH=/local/java/gcc-9.2.0/bin/../lib/gcc/x86_64-pc-linux-gnu/9.2.0/:/local/java/gcc-9.2.0/bin/../lib/gcc/:/local/java/gcc-9.2.0/bin/../lib/gcc/x86_64-pc-linux-gnu/9.2.0/../../../../lib64/:/lib/../lib64/:/usr/lib/../lib64/:/local/java/gcc-9.2.0/bin/../lib/gcc/x86_64-pc-linux-gnu/9.2.0/../../../:/lib/:/usr/lib/
COLLECT_GCC_OPTIONS='-v' '-o' 'CMakeFiles/cmTC_4ffec.dir/CMakeCCompilerABI.c.o' '-c' '-mtune=generic' '-march=x86-64'
Linking C executable cmTC_4ffec
/usr/bin/cmake -E cmake_link_script CMakeFiles/cmTC_4ffec.dir/link.txt --verbose=1
/local/java/gcc-9/bin/gcc  -v CMakeFiles/cmTC_4ffec.dir/CMakeCCompilerABI.c.o -o cmTC_4ffec 
Using built-in specs.
COLLECT_GCC=/local/java/gcc-9/bin/gcc
COLLECT_LTO_WRAPPER=/local/java/gcc-9.2.0/bin/../libexec/gcc/x86_64-pc-linux-gnu/9.2.0/lto-wrapper
Target: x86_64-pc-linux-gnu
Configured with: ./configure --prefix=/tmp/gcc-9.2.0
Thread model: posix
gcc version 9.2.0 (GCC) 
COMPILER_PATH=/local/java/gcc-9.2.0/bin/../libexec/gcc/x86_64-pc-linux-gnu/9.2.0/:/local/java/gcc-9.2.0/bin/../libexec/gcc/
LIBRARY_PATH=/local/java/gcc-9.2.0/bin/../lib/gcc/x86_64-pc-linux-gnu/9.2.0/:/local/java/gcc-9.2.0/bin/../lib/gcc/:/local/java/gcc-9.2.0/bin/../lib/gcc/x86_64-pc-linux-gnu/9.2.0/../../../../lib64/:/lib/../lib64/:/usr/lib/../lib64/:/local/java/gcc-9.2.0/bin/../lib/gcc/x86_64-pc-linux-gnu/9.2.0/../../../:/lib/:/usr/lib/
COLLECT_GCC_OPTIONS='-v' '-o' 'cmTC_4ffec' '-mtune=generic' '-march=x86-64'
 /local/java/gcc-9.2.0/bin/../libexec/gcc/x86_64-pc-linux-gnu/9.2.0/collect2 -plugin /local/java/gcc-9.2.0/bin/../libexec/gcc/x86_64-pc-linux-gnu/9.2.0/liblto_plugin.so -plugin-opt=/local/java/gcc-9.2.0/bin/../libexec/gcc/x86_64-pc-linux-gnu/9.2.0/lto-wrapper -plugin-opt=-fresolution=/tmp/dcs-tmp.u2145461/ccDVrFH2.res -plugin-opt=-pass-through=-lgcc -plugin-opt=-pass-through=-lgcc_s -plugin-opt=-pass-through=-lc -plugin-opt=-pass-through=-lgcc -plugin-opt=-pass-through=-lgcc_s --eh-frame-hdr -m elf_x86_64 -dynamic-linker /lib64/ld-linux-x86-64.so.2 -o cmTC_4ffec /lib/../lib64/crt1.o /lib/../lib64/crti.o /local/java/gcc-9.2.0/bin/../lib/gcc/x86_64-pc-linux-gnu/9.2.0/crtbegin.o -L/local/java/gcc-9.2.0/bin/../lib/gcc/x86_64-pc-linux-gnu/9.2.0 -L/local/java/gcc-9.2.0/bin/../lib/gcc -L/local/java/gcc-9.2.0/bin/../lib/gcc/x86_64-pc-linux-gnu/9.2.0/../../../../lib64 -L/lib/../lib64 -L/usr/lib/../lib64 -L/local/java/gcc-9.2.0/bin/../lib/gcc/x86_64-pc-linux-gnu/9.2.0/../../.. CMakeFiles/cmTC_4ffec.dir/CMakeCCompilerABI.c.o -lgcc --as-needed -lgcc_s --no-as-needed -lc -lgcc --as-needed -lgcc_s --no-as-needed /local/java/gcc-9.2.0/bin/../lib/gcc/x86_64-pc-linux-gnu/9.2.0/crtend.o /lib/../lib64/crtn.o
COLLECT_GCC_OPTIONS='-v' '-o' 'cmTC_4ffec' '-mtune=generic' '-march=x86-64'
gmake[1]: Leaving directory '/dcs/21/u2145461/cs310/knnGPU/CMakeFiles/CMakeTmp'



Parsed C implicit include dir info from above output: rv=done
  found start of include info
  found start of implicit include info
    add: [/local/java/gcc-9.2.0/bin/../lib/gcc/x86_64-pc-linux-gnu/9.2.0/include]
    add: [/local/java/gcc-9.2.0/bin/../lib/gcc/x86_64-pc-linux-gnu/9.2.0/include-fixed]
    add: [/usr/local/include]
    add: [/local/java/gcc-9.2.0/bin/../lib/gcc/../../include]
    add: [/usr/include]
  end of search list found
  collapse include dir [/local/java/gcc-9.2.0/bin/../lib/gcc/x86_64-pc-linux-gnu/9.2.0/include] ==> [/local/java/gcc-9.2.0/lib/gcc/x86_64-pc-linux-gnu/9.2.0/include]
  collapse include dir [/local/java/gcc-9.2.0/bin/../lib/gcc/x86_64-pc-linux-gnu/9.2.0/include-fixed] ==> [/local/java/gcc-9.2.0/lib/gcc/x86_64-pc-linux-gnu/9.2.0/include-fixed]
  collapse include dir [/usr/local/include] ==> [/usr/local/include]
  collapse include dir [/local/java/gcc-9.2.0/bin/../lib/gcc/../../include] ==> [/local/java/gcc-9.2.0/include]
  collapse include dir [/usr/include] ==> [/usr/include]
  implicit include dirs: [/local/java/gcc-9.2.0/lib/gcc/x86_64-pc-linux-gnu/9.2.0/include;/local/java/gcc-9.2.0/lib/gcc/x86_64-pc-linux-gnu/9.2.0/include-fixed;/usr/local/include;/local/java/gcc-9.2.0/include;/usr/include]


Parsed C implicit link information from above output:
  link line regex: [^( *|.*[/\])(ld|CMAKE_LINK_STARTFILE-NOTFOUND|([^/\]+-)?ld|collect2)[^/\]*( |$)]
  ignore line: [Change Dir: /dcs/21/u2145461/cs310/knnGPU/CMakeFiles/CMakeTmp]
  ignore line: []
  ignore line: [Run Build Command(s):/usr/bin/gmake -f Makefile cmTC_4ffec/fast && /usr/bin/gmake  -f CMakeFiles/cmTC_4ffec.dir/build.make CMakeFiles/cmTC_4ffec.dir/build]
  ignore line: [gmake[1]: Entering directory '/dcs/21/u2145461/cs310/knnGPU/CMakeFiles/CMakeTmp']
  ignore line: [Building C object CMakeFiles/cmTC_4ffec.dir/CMakeCCompilerABI.c.o]
  ignore line: [/local/java/gcc-9/bin/gcc   -v -o CMakeFiles/cmTC_4ffec.dir/CMakeCCompilerABI.c.o -c /usr/share/cmake/Modules/CMakeCCompilerABI.c]
  ignore line: [Using built-in specs.]
  ignore line: [COLLECT_GCC=/local/java/gcc-9/bin/gcc]
  ignore line: [Target: x86_64-pc-linux-gnu]
  ignore line: [Configured with: ./configure --prefix=/tmp/gcc-9.2.0]
  ignore line: [Thread model: posix]
  ignore line: [gcc version 9.2.0 (GCC) ]
  ignore line: [COLLECT_GCC_OPTIONS='-v' '-o' 'CMakeFiles/cmTC_4ffec.dir/CMakeCCompilerABI.c.o' '-c' '-mtune=generic' '-march=x86-64']
  ignore line: [ /local/java/gcc-9.2.0/bin/../libexec/gcc/x86_64-pc-linux-gnu/9.2.0/cc1 -quiet -v -iprefix /local/java/gcc-9.2.0/bin/../lib/gcc/x86_64-pc-linux-gnu/9.2.0/ /usr/share/cmake/Modules/CMakeCCompilerABI.c -quiet -dumpbase CMakeCCompilerABI.c -mtune=generic -march=x86-64 -auxbase-strip CMakeFiles/cmTC_4ffec.dir/CMakeCCompilerABI.c.o -version -o /tmp/dcs-tmp.u2145461/ccxRehe6.s]
  ignore line: [GNU C17 (GCC) version 9.2.0 (x86_64-pc-linux-gnu)]
  ignore line: [	compiled by GNU C version 9.2.0  GMP version 6.0.0  MPFR version 3.1.1  MPC version 1.0.1  isl version none]
  ignore line: [warning: GMP header version 6.0.0 differs from library version 6.1.2.]
  ignore line: [warning: MPFR header version 3.1.1 differs from library version 3.1.6-p2.]
  ignore line: [warning: MPC header version 1.0.1 differs from library version 1.1.0.]
  ignore line: [GGC heuristics: --param ggc-min-expand=100 --param ggc-min-heapsize=131072]
  ignore line: [ignoring nonexistent directory "/local/java/gcc-9.2.0/bin/../lib/gcc/x86_64-pc-linux-gnu/9.2.0/../../../../x86_64-pc-linux-gnu/include"]
  ignore line: [ignoring duplicate directory "/local/java/gcc-9.2.0/bin/../lib/gcc/../../lib/gcc/x86_64-pc-linux-gnu/9.2.0/include"]
  ignore line: [ignoring duplicate directory "/local/java/gcc-9.2.0/bin/../lib/gcc/../../lib/gcc/x86_64-pc-linux-gnu/9.2.0/include-fixed"]
  ignore line: [ignoring nonexistent directory "/local/java/gcc-9.2.0/bin/../lib/gcc/../../lib/gcc/x86_64-pc-linux-gnu/9.2.0/../../../../x86_64-pc-linux-gnu/include"]
  ignore line: [#include "..." search starts here:]
  ignore line: [#include <...> search starts here:]
  ignore line: [ /local/java/gcc-9.2.0/bin/../lib/gcc/x86_64-pc-linux-gnu/9.2.0/include]
  ignore line: [ /local/java/gcc-9.2.0/bin/../lib/gcc/x86_64-pc-linux-gnu/9.2.0/include-fixed]
  ignore line: [ /usr/local/include]
  ignore line: [ /local/java/gcc-9.2.0/bin/../lib/gcc/../../include]
  ignore line: [ /usr/include]
  ignore line: [End of search list.]
  ignore line: [GNU C17 (GCC) version 9.2.0 (x86_64-pc-linux-gnu)]
  ignore line: [	compiled by GNU C version 9.2.0  GMP version 6.0.0  MPFR version 3.1.1  MPC version 1.0.1  isl version none]
  ignore line: [warning: GMP header version 6.0.0 differs from library version 6.1.2.]
  ignore line: [warning: MPFR header version 3.1.1 differs from library version 3.1.6-p2.]
  ignore line: [warning: MPC header version 1.0.1 differs from library version 1.1.0.]
  ignore line: [GGC heuristics: --param ggc-min-expand=100 --param ggc-min-heapsize=131072]
  ignore line: [Compiler executable checksum: 30d88cc8a1ae027c6c02cd5781583091]
  ignore line: [COLLECT_GCC_OPTIONS='-v' '-o' 'CMakeFiles/cmTC_4ffec.dir/CMakeCCompilerABI.c.o' '-c' '-mtune=generic' '-march=x86-64']
  ignore line: [ as -v --64 -o CMakeFiles/cmTC_4ffec.dir/CMakeCCompilerABI.c.o /tmp/dcs-tmp.u2145461/ccxRehe6.s]
  ignore line: [GNU assembler version 2.30 (x86_64-redhat-linux) using BFD version version 2.30-119.el8_8.2]
  ignore line: [COMPILER_PATH=/local/java/gcc-9.2.0/bin/../libexec/gcc/x86_64-pc-linux-gnu/9.2.0/:/local/java/gcc-9.2.0/bin/../libexec/gcc/]
  ignore line: [LIBRARY_PATH=/local/java/gcc-9.2.0/bin/../lib/gcc/x86_64-pc-linux-gnu/9.2.0/:/local/java/gcc-9.2.0/bin/../lib/gcc/:/local/java/gcc-9.2.0/bin/../lib/gcc/x86_64-pc-linux-gnu/9.2.0/../../../../lib64/:/lib/../lib64/:/usr/lib/../lib64/:/local/java/gcc-9.2.0/bin/../lib/gcc/x86_64-pc-linux-gnu/9.2.0/../../../:/lib/:/usr/lib/]
  ignore line: [COLLECT_GCC_OPTIONS='-v' '-o' 'CMakeFiles/cmTC_4ffec.dir/CMakeCCompilerABI.c.o' '-c' '-mtune=generic' '-march=x86-64']
  ignore line: [Linking C executable cmTC_4ffec]
  ignore line: [/usr/bin/cmake -E cmake_link_script CMakeFiles/cmTC_4ffec.dir/link.txt --verbose=1]
  ignore line: [/local/java/gcc-9/bin/gcc  -v CMakeFiles/cmTC_4ffec.dir/CMakeCCompilerABI.c.o -o cmTC_4ffec ]
  ignore line: [Using built-in specs.]
  ignore line: [COLLECT_GCC=/local/java/gcc-9/bin/gcc]
  ignore line: [COLLECT_LTO_WRAPPER=/local/java/gcc-9.2.0/bin/../libexec/gcc/x86_64-pc-linux-gnu/9.2.0/lto-wrapper]
  ignore line: [Target: x86_64-pc-linux-gnu]
  ignore line: [Configured with: ./configure --prefix=/tmp/gcc-9.2.0]
  ignore line: [Thread model: posix]
  ignore line: [gcc version 9.2.0 (GCC) ]
  ignore line: [COMPILER_PATH=/local/java/gcc-9.2.0/bin/../libexec/gcc/x86_64-pc-linux-gnu/9.2.0/:/local/java/gcc-9.2.0/bin/../libexec/gcc/]
  ignore line: [LIBRARY_PATH=/local/java/gcc-9.2.0/bin/../lib/gcc/x86_64-pc-linux-gnu/9.2.0/:/local/java/gcc-9.2.0/bin/../lib/gcc/:/local/java/gcc-9.2.0/bin/../lib/gcc/x86_64-pc-linux-gnu/9.2.0/../../../../lib64/:/lib/../lib64/:/usr/lib/../lib64/:/local/java/gcc-9.2.0/bin/../lib/gcc/x86_64-pc-linux-gnu/9.2.0/../../../:/lib/:/usr/lib/]
  ignore line: [COLLECT_GCC_OPTIONS='-v' '-o' 'cmTC_4ffec' '-mtune=generic' '-march=x86-64']
  link line: [ /local/java/gcc-9.2.0/bin/../libexec/gcc/x86_64-pc-linux-gnu/9.2.0/collect2 -plugin /local/java/gcc-9.2.0/bin/../libexec/gcc/x86_64-pc-linux-gnu/9.2.0/liblto_plugin.so -plugin-opt=/local/java/gcc-9.2.0/bin/../libexec/gcc/x86_64-pc-linux-gnu/9.2.0/lto-wrapper -plugin-opt=-fresolution=/tmp/dcs-tmp.u2145461/ccDVrFH2.res -plugin-opt=-pass-through=-lgcc -plugin-opt=-pass-through=-lgcc_s -plugin-opt=-pass-through=-lc -plugin-opt=-pass-through=-lgcc -plugin-opt=-pass-through=-lgcc_s --eh-frame-hdr -m elf_x86_64 -dynamic-linker /lib64/ld-linux-x86-64.so.2 -o cmTC_4ffec /lib/../lib64/crt1.o /lib/../lib64/crti.o /local/java/gcc-9.2.0/bin/../lib/gcc/x86_64-pc-linux-gnu/9.2.0/crtbegin.o -L/local/java/gcc-9.2.0/bin/../lib/gcc/x86_64-pc-linux-gnu/9.2.0 -L/local/java/gcc-9.2.0/bin/../lib/gcc -L/local/java/gcc-9.2.0/bin/../lib/gcc/x86_64-pc-linux-gnu/9.2.0/../../../../lib64 -L/lib/../lib64 -L/usr/lib/../lib64 -L/local/java/gcc-9.2.0/bin/../lib/gcc/x86_64-pc-linux-gnu/9.2.0/../../.. CMakeFiles/cmTC_4ffec.dir/CMakeCCompilerABI.c.o -lgcc --as-needed -lgcc_s --no-as-needed -lc -lgcc --as-needed -lgcc_s --no-as-needed /local/java/gcc-9.2.0/bin/../lib/gcc/x86_64-pc-linux-gnu/9.2.0/crtend.o /lib/../lib64/crtn.o]
    arg [/local/java/gcc-9.2.0/bin/../libexec/gcc/x86_64-pc-linux-gnu/9.2.0/collect2] ==> ignore
    arg [-plugin] ==> ignore
    arg [/local/java/gcc-9.2.0/bin/../libexec/gcc/x86_64-pc-linux-gnu/9.2.0/liblto_plugin.so] ==> ignore
    arg [-plugin-opt=/local/java/gcc-9.2.0/bin/../libexec/gcc/x86_64-pc-linux-gnu/9.2.0/lto-wrapper] ==> ignore
    arg [-plugin-opt=-fresolution=/tmp/dcs-tmp.u2145461/ccDVrFH2.res] ==> ignore
    arg [-plugin-opt=-pass-through=-lgcc] ==> ignore
    arg [-plugin-opt=-pass-through=-lgcc_s] ==> ignore
    arg [-plugin-opt=-pass-through=-lc] ==> ignore
    arg [-plugin-opt=-pass-through=-lgcc] ==> ignore
    arg [-plugin-opt=-pass-through=-lgcc_s] ==> ignore
    arg [--eh-frame-hdr] ==> ignore
    arg [-m] ==> ignore
    arg [elf_x86_64] ==> ignore
    arg [-dynamic-linker] ==> ignore
    arg [/lib64/ld-linux-x86-64.so.2] ==> ignore
    arg [-o] ==> ignore
    arg [cmTC_4ffec] ==> ignore
    arg [/lib/../lib64/crt1.o] ==> obj [/lib/../lib64/crt1.o]
    arg [/lib/../lib64/crti.o] ==> obj [/lib/../lib64/crti.o]
    arg [/local/java/gcc-9.2.0/bin/../lib/gcc/x86_64-pc-linux-gnu/9.2.0/crtbegin.o] ==> obj [/local/java/gcc-9.2.0/bin/../lib/gcc/x86_64-pc-linux-gnu/9.2.0/crtbegin.o]
    arg [-L/local/java/gcc-9.2.0/bin/../lib/gcc/x86_64-pc-linux-gnu/9.2.0] ==> dir [/local/java/gcc-9.2.0/bin/../lib/gcc/x86_64-pc-linux-gnu/9.2.0]
    arg [-L/local/java/gcc-9.2.0/bin/../lib/gcc] ==> dir [/local/java/gcc-9.2.0/bin/../lib/gcc]
    arg [-L/local/java/gcc-9.2.0/bin/../lib/gcc/x86_64-pc-linux-gnu/9.2.0/../../../../lib64] ==> dir [/local/java/gcc-9.2.0/bin/../lib/gcc/x86_64-pc-linux-gnu/9.2.0/../../../../lib64]
    arg [-L/lib/../lib64] ==> dir [/lib/../lib64]
    arg [-L/usr/lib/../lib64] ==> dir [/usr/lib/../lib64]
    arg [-L/local/java/gcc-9.2.0/bin/../lib/gcc/x86_64-pc-linux-gnu/9.2.0/../../..] ==> dir [/local/java/gcc-9.2.0/bin/../lib/gcc/x86_64-pc-linux-gnu/9.2.0/../../..]
    arg [CMakeFiles/cmTC_4ffec.dir/CMakeCCompilerABI.c.o] ==> ignore
    arg [-lgcc] ==> lib [gcc]
    arg [--as-needed] ==> ignore
    arg [-lgcc_s] ==> lib [gcc_s]
    arg [--no-as-needed] ==> ignore
    arg [-lc] ==> lib [c]
    arg [-lgcc] ==> lib [gcc]
    arg [--as-needed] ==> ignore
    arg [-lgcc_s] ==> lib [gcc_s]
    arg [--no-as-needed] ==> ignore
    arg [/local/java/gcc-9.2.0/bin/../lib/gcc/x86_64-pc-linux-gnu/9.2.0/crtend.o] ==> obj [/local/java/gcc-9.2.0/bin/../lib/gcc/x86_64-pc-linux-gnu/9.2.0/crtend.o]
    arg [/lib/../lib64/crtn.o] ==> obj [/lib/../lib64/crtn.o]
  collapse obj [/lib/../lib64/crt1.o] ==> [/lib64/crt1.o]
  collapse obj [/lib/../lib64/crti.o] ==> [/lib64/crti.o]
  collapse obj [/local/java/gcc-9.2.0/bin/../lib/gcc/x86_64-pc-linux-gnu/9.2.0/crtbegin.o] ==> [/local/java/gcc-9.2.0/lib/gcc/x86_64-pc-linux-gnu/9.2.0/crtbegin.o]
  collapse obj [/local/java/gcc-9.2.0/bin/../lib/gcc/x86_64-pc-linux-gnu/9.2.0/crtend.o] ==> [/local/java/gcc-9.2.0/lib/gcc/x86_64-pc-linux-gnu/9.2.0/crtend.o]
  collapse obj [/lib/../lib64/crtn.o] ==> [/lib64/crtn.o]
  collapse library dir [/local/java/gcc-9.2.0/bin/../lib/gcc/x86_64-pc-linux-gnu/9.2.0] ==> [/local/java/gcc-9.2.0/lib/gcc/x86_64-pc-linux-gnu/9.2.0]
  collapse library dir [/local/java/gcc-9.2.0/bin/../lib/gcc] ==> [/local/java/gcc-9.2.0/lib/gcc]
  collapse library dir [/local/java/gcc-9.2.0/bin/../lib/gcc/x86_64-pc-linux-gnu/9.2.0/../../../../lib64] ==> [/local/java/gcc-9.2.0/lib64]
  collapse library dir [/lib/../lib64] ==> [/lib64]
  collapse library dir [/usr/lib/../lib64] ==> [/usr/lib64]
  collapse library dir [/local/java/gcc-9.2.0/bin/../lib/gcc/x86_64-pc-linux-gnu/9.2.0/../../..] ==> [/local/java/gcc-9.2.0/lib]
  implicit libs: [gcc;gcc_s;c;gcc;gcc_s]
  implicit objs: [/lib64/crt1.o;/lib64/crti.o;/local/java/gcc-9.2.0/lib/gcc/x86_64-pc-linux-gnu/9.2.0/crtbegin.o;/local/java/gcc-9.2.0/lib/gcc/x86_64-pc-linux-gnu/9.2.0/crtend.o;/lib64/crtn.o]
  implicit dirs: [/local/java/gcc-9.2.0/lib/gcc/x86_64-pc-linux-gnu/9.2.0;/local/java/gcc-9.2.0/lib/gcc;/local/java/gcc-9.2.0/lib64;/lib64;/usr/lib64;/local/java/gcc-9.2.0/lib]
  implicit fwks: []


Detecting CXX compiler ABI info compiled with the following output:
Change Dir: /dcs/21/u2145461/cs310/knnGPU/CMakeFiles/CMakeTmp

Run Build Command(s):/usr/bin/gmake -f Makefile cmTC_8d7ef/fast && /usr/bin/gmake  -f CMakeFiles/cmTC_8d7ef.dir/build.make CMakeFiles/cmTC_8d7ef.dir/build
gmake[1]: Entering directory '/dcs/21/u2145461/cs310/knnGPU/CMakeFiles/CMakeTmp'
Building CXX object CMakeFiles/cmTC_8d7ef.dir/CMakeCXXCompilerABI.cpp.o
/local/java/gcc-9/bin/g++   -v -o CMakeFiles/cmTC_8d7ef.dir/CMakeCXXCompilerABI.cpp.o -c /usr/share/cmake/Modules/CMakeCXXCompilerABI.cpp
Using built-in specs.
COLLECT_GCC=/local/java/gcc-9/bin/g++
Target: x86_64-pc-linux-gnu
Configured with: ./configure --prefix=/tmp/gcc-9.2.0
Thread model: posix
gcc version 9.2.0 (GCC) 
COLLECT_GCC_OPTIONS='-v' '-o' 'CMakeFiles/cmTC_8d7ef.dir/CMakeCXXCompilerABI.cpp.o' '-c' '-shared-libgcc' '-mtune=generic' '-march=x86-64'
 /local/java/gcc-9.2.0/bin/../libexec/gcc/x86_64-pc-linux-gnu/9.2.0/cc1plus -quiet -v -iprefix /local/java/gcc-9.2.0/bin/../lib/gcc/x86_64-pc-linux-gnu/9.2.0/ -D_GNU_SOURCE /usr/share/cmake/Modules/CMakeCXXCompilerABI.cpp -quiet -dumpbase CMakeCXXCompilerABI.cpp -mtune=generic -march=x86-64 -auxbase-strip CMakeFiles/cmTC_8d7ef.dir/CMakeCXXCompilerABI.cpp.o -version -o /tmp/dcs-tmp.u2145461/ccJWHlHz.s
GNU C++14 (GCC) version 9.2.0 (x86_64-pc-linux-gnu)
	compiled by GNU C version 9.2.0, GMP version 6.0.0, MPFR version 3.1.1, MPC version 1.0.1, isl version none
warning: GMP header version 6.0.0 differs from library version 6.1.2.
warning: MPFR header version 3.1.1 differs from library version 3.1.6-p2.
warning: MPC header version 1.0.1 differs from library version 1.1.0.
GGC heuristics: --param ggc-min-expand=100 --param ggc-min-heapsize=131072
ignoring nonexistent directory "/local/java/gcc-9.2.0/bin/../lib/gcc/x86_64-pc-linux-gnu/9.2.0/../../../../x86_64-pc-linux-gnu/include"
ignoring duplicate directory "/local/java/gcc-9.2.0/bin/../lib/gcc/../../lib/gcc/x86_64-pc-linux-gnu/9.2.0/../../../../include/c++/9.2.0"
ignoring duplicate directory "/local/java/gcc-9.2.0/bin/../lib/gcc/../../lib/gcc/x86_64-pc-linux-gnu/9.2.0/../../../../include/c++/9.2.0/x86_64-pc-linux-gnu"
ignoring duplicate directory "/local/java/gcc-9.2.0/bin/../lib/gcc/../../lib/gcc/x86_64-pc-linux-gnu/9.2.0/../../../../include/c++/9.2.0/backward"
ignoring duplicate directory "/local/java/gcc-9.2.0/bin/../lib/gcc/../../lib/gcc/x86_64-pc-linux-gnu/9.2.0/include"
ignoring duplicate directory "/local/java/gcc-9.2.0/bin/../lib/gcc/../../lib/gcc/x86_64-pc-linux-gnu/9.2.0/include-fixed"
ignoring nonexistent directory "/local/java/gcc-9.2.0/bin/../lib/gcc/../../lib/gcc/x86_64-pc-linux-gnu/9.2.0/../../../../x86_64-pc-linux-gnu/include"
#include "..." search starts here:
#include <...> search starts here:
 /local/java/gcc-9.2.0/bin/../lib/gcc/x86_64-pc-linux-gnu/9.2.0/../../../../include/c++/9.2.0
 /local/java/gcc-9.2.0/bin/../lib/gcc/x86_64-pc-linux-gnu/9.2.0/../../../../include/c++/9.2.0/x86_64-pc-linux-gnu
 /local/java/gcc-9.2.0/bin/../lib/gcc/x86_64-pc-linux-gnu/9.2.0/../../../../include/c++/9.2.0/backward
 /local/java/gcc-9.2.0/bin/../lib/gcc/x86_64-pc-linux-gnu/9.2.0/include
 /local/java/gcc-9.2.0/bin/../lib/gcc/x86_64-pc-linux-gnu/9.2.0/include-fixed
 /usr/local/include
 /local/java/gcc-9.2.0/bin/../lib/gcc/../../include
 /usr/include
End of search list.
GNU C++14 (GCC) version 9.2.0 (x86_64-pc-linux-gnu)
	compiled by GNU C version 9.2.0, GMP version 6.0.0, MPFR version 3.1.1, MPC version 1.0.1, isl version none
warning: GMP header version 6.0.0 differs from library version 6.1.2.
warning: MPFR header version 3.1.1 differs from library version 3.1.6-p2.
warning: MPC header version 1.0.1 differs from library version 1.1.0.
GGC heuristics: --param ggc-min-expand=100 --param ggc-min-heapsize=131072
Compiler executable checksum: 958a0ad1fdffa8b1961706ed08c3e591
COLLECT_GCC_OPTIONS='-v' '-o' 'CMakeFiles/cmTC_8d7ef.dir/CMakeCXXCompilerABI.cpp.o' '-c' '-shared-libgcc' '-mtune=generic' '-march=x86-64'
 as -v --64 -o CMakeFiles/cmTC_8d7ef.dir/CMakeCXXCompilerABI.cpp.o /tmp/dcs-tmp.u2145461/ccJWHlHz.s
GNU assembler version 2.30 (x86_64-redhat-linux) using BFD version version 2.30-119.el8_8.2
COMPILER_PATH=/local/java/gcc-9.2.0/bin/../libexec/gcc/x86_64-pc-linux-gnu/9.2.0/:/local/java/gcc-9.2.0/bin/../libexec/gcc/
LIBRARY_PATH=/local/java/gcc-9.2.0/bin/../lib/gcc/x86_64-pc-linux-gnu/9.2.0/:/local/java/gcc-9.2.0/bin/../lib/gcc/:/local/java/gcc-9.2.0/bin/../lib/gcc/x86_64-pc-linux-gnu/9.2.0/../../../../lib64/:/lib/../lib64/:/usr/lib/../lib64/:/local/java/gcc-9.2.0/bin/../lib/gcc/x86_64-pc-linux-gnu/9.2.0/../../../:/lib/:/usr/lib/
COLLECT_GCC_OPTIONS='-v' '-o' 'CMakeFiles/cmTC_8d7ef.dir/CMakeCXXCompilerABI.cpp.o' '-c' '-shared-libgcc' '-mtune=generic' '-march=x86-64'
Linking CXX executable cmTC_8d7ef
/usr/bin/cmake -E cmake_link_script CMakeFiles/cmTC_8d7ef.dir/link.txt --verbose=1
/local/java/gcc-9/bin/g++  -v CMakeFiles/cmTC_8d7ef.dir/CMakeCXXCompilerABI.cpp.o -o cmTC_8d7ef 
Using built-in specs.
COLLECT_GCC=/local/java/gcc-9/bin/g++
COLLECT_LTO_WRAPPER=/local/java/gcc-9.2.0/bin/../libexec/gcc/x86_64-pc-linux-gnu/9.2.0/lto-wrapper
Target: x86_64-pc-linux-gnu
Configured with: ./configure --prefix=/tmp/gcc-9.2.0
Thread model: posix
gcc version 9.2.0 (GCC) 
COMPILER_PATH=/local/java/gcc-9.2.0/bin/../libexec/gcc/x86_64-pc-linux-gnu/9.2.0/:/local/java/gcc-9.2.0/bin/../libexec/gcc/
LIBRARY_PATH=/local/java/gcc-9.2.0/bin/../lib/gcc/x86_64-pc-linux-gnu/9.2.0/:/local/java/gcc-9.2.0/bin/../lib/gcc/:/local/java/gcc-9.2.0/bin/../lib/gcc/x86_64-pc-linux-gnu/9.2.0/../../../../lib64/:/lib/../lib64/:/usr/lib/../lib64/:/local/java/gcc-9.2.0/bin/../lib/gcc/x86_64-pc-linux-gnu/9.2.0/../../../:/lib/:/usr/lib/
COLLECT_GCC_OPTIONS='-v' '-o' 'cmTC_8d7ef' '-shared-libgcc' '-mtune=generic' '-march=x86-64'
 /local/java/gcc-9.2.0/bin/../libexec/gcc/x86_64-pc-linux-gnu/9.2.0/collect2 -plugin /local/java/gcc-9.2.0/bin/../libexec/gcc/x86_64-pc-linux-gnu/9.2.0/liblto_plugin.so -plugin-opt=/local/java/gcc-9.2.0/bin/../libexec/gcc/x86_64-pc-linux-gnu/9.2.0/lto-wrapper -plugin-opt=-fresolution=/tmp/dcs-tmp.u2145461/ccsR7JOf.res -plugin-opt=-pass-through=-lgcc_s -plugin-opt=-pass-through=-lgcc -plugin-opt=-pass-through=-lc -plugin-opt=-pass-through=-lgcc_s -plugin-opt=-pass-through=-lgcc --eh-frame-hdr -m elf_x86_64 -dynamic-linker /lib64/ld-linux-x86-64.so.2 -o cmTC_8d7ef /lib/../lib64/crt1.o /lib/../lib64/crti.o /local/java/gcc-9.2.0/bin/../lib/gcc/x86_64-pc-linux-gnu/9.2.0/crtbegin.o -L/local/java/gcc-9.2.0/bin/../lib/gcc/x86_64-pc-linux-gnu/9.2.0 -L/local/java/gcc-9.2.0/bin/../lib/gcc -L/local/java/gcc-9.2.0/bin/../lib/gcc/x86_64-pc-linux-gnu/9.2.0/../../../../lib64 -L/lib/../lib64 -L/usr/lib/../lib64 -L/local/java/gcc-9.2.0/bin/../lib/gcc/x86_64-pc-linux-gnu/9.2.0/../../.. CMakeFiles/cmTC_8d7ef.dir/CMakeCXXCompilerABI.cpp.o -lstdc++ -lm -lgcc_s -lgcc -lc -lgcc_s -lgcc /local/java/gcc-9.2.0/bin/../lib/gcc/x86_64-pc-linux-gnu/9.2.0/crtend.o /lib/../lib64/crtn.o
COLLECT_GCC_OPTIONS='-v' '-o' 'cmTC_8d7ef' '-shared-libgcc' '-mtune=generic' '-march=x86-64'
gmake[1]: Leaving directory '/dcs/21/u2145461/cs310/knnGPU/CMakeFiles/CMakeTmp'



Parsed CXX implicit include dir info from above output: rv=done
  found start of include info
  found start of implicit include info
    add: [/local/java/gcc-9.2.0/bin/../lib/gcc/x86_64-pc-linux-gnu/9.2.0/../../../../include/c++/9.2.0]
    add: [/local/java/gcc-9.2.0/bin/../lib/gcc/x86_64-pc-linux-gnu/9.2.0/../../../../include/c++/9.2.0/x86_64-pc-linux-gnu]
    add: [/local/java/gcc-9.2.0/bin/../lib/gcc/x86_64-pc-linux-gnu/9.2.0/../../../../include/c++/9.2.0/backward]
    add: [/local/java/gcc-9.2.0/bin/../lib/gcc/x86_64-pc-linux-gnu/9.2.0/include]
    add: [/local/java/gcc-9.2.0/bin/../lib/gcc/x86_64-pc-linux-gnu/9.2.0/include-fixed]
    add: [/usr/local/include]
    add: [/local/java/gcc-9.2.0/bin/../lib/gcc/../../include]
    add: [/usr/include]
  end of search list found
  collapse include dir [/local/java/gcc-9.2.0/bin/../lib/gcc/x86_64-pc-linux-gnu/9.2.0/../../../../include/c++/9.2.0] ==> [/local/java/gcc-9.2.0/include/c++/9.2.0]
  collapse include dir [/local/java/gcc-9.2.0/bin/../lib/gcc/x86_64-pc-linux-gnu/9.2.0/../../../../include/c++/9.2.0/x86_64-pc-linux-gnu] ==> [/local/java/gcc-9.2.0/include/c++/9.2.0/x86_64-pc-linux-gnu]
  collapse include dir [/local/java/gcc-9.2.0/bin/../lib/gcc/x86_64-pc-linux-gnu/9.2.0/../../../../include/c++/9.2.0/backward] ==> [/local/java/gcc-9.2.0/include/c++/9.2.0/backward]
  collapse include dir [/local/java/gcc-9.2.0/bin/../lib/gcc/x86_64-pc-linux-gnu/9.2.0/include] ==> [/local/java/gcc-9.2.0/lib/gcc/x86_64-pc-linux-gnu/9.2.0/include]
  collapse include dir [/local/java/gcc-9.2.0/bin/../lib/gcc/x86_64-pc-linux-gnu/9.2.0/include-fixed] ==> [/local/java/gcc-9.2.0/lib/gcc/x86_64-pc-linux-gnu/9.2.0/include-fixed]
  collapse include dir [/usr/local/include] ==> [/usr/local/include]
  collapse include dir [/local/java/gcc-9.2.0/bin/../lib/gcc/../../include] ==> [/local/java/gcc-9.2.0/include]
  collapse include dir [/usr/include] ==> [/usr/include]
  implicit include dirs: [/local/java/gcc-9.2.0/include/c++/9.2.0;/local/java/gcc-9.2.0/include/c++/9.2.0/x86_64-pc-linux-gnu;/local/java/gcc-9.2.0/include/c++/9.2.0/backward;/local/java/gcc-9.2.0/lib/gcc/x86_64-pc-linux-gnu/9.2.0/include;/local/java/gcc-9.2.0/lib/gcc/x86_64-pc-linux-gnu/9.2.0/include-fixed;/usr/local/include;/local/java/gcc-9.2.0/include;/usr/include]


Parsed CXX implicit link information from above output:
  link line regex: [^( *|.*[/\])(ld|CMAKE_LINK_STARTFILE-NOTFOUND|([^/\]+-)?ld|collect2)[^/\]*( |$)]
  ignore line: [Change Dir: /dcs/21/u2145461/cs310/knnGPU/CMakeFiles/CMakeTmp]
  ignore line: []
  ignore line: [Run Build Command(s):/usr/bin/gmake -f Makefile cmTC_8d7ef/fast && /usr/bin/gmake  -f CMakeFiles/cmTC_8d7ef.dir/build.make CMakeFiles/cmTC_8d7ef.dir/build]
  ignore line: [gmake[1]: Entering directory '/dcs/21/u2145461/cs310/knnGPU/CMakeFiles/CMakeTmp']
  ignore line: [Building CXX object CMakeFiles/cmTC_8d7ef.dir/CMakeCXXCompilerABI.cpp.o]
  ignore line: [/local/java/gcc-9/bin/g++   -v -o CMakeFiles/cmTC_8d7ef.dir/CMakeCXXCompilerABI.cpp.o -c /usr/share/cmake/Modules/CMakeCXXCompilerABI.cpp]
  ignore line: [Using built-in specs.]
  ignore line: [COLLECT_GCC=/local/java/gcc-9/bin/g++]
  ignore line: [Target: x86_64-pc-linux-gnu]
  ignore line: [Configured with: ./configure --prefix=/tmp/gcc-9.2.0]
  ignore line: [Thread model: posix]
  ignore line: [gcc version 9.2.0 (GCC) ]
  ignore line: [COLLECT_GCC_OPTIONS='-v' '-o' 'CMakeFiles/cmTC_8d7ef.dir/CMakeCXXCompilerABI.cpp.o' '-c' '-shared-libgcc' '-mtune=generic' '-march=x86-64']
  ignore line: [ /local/java/gcc-9.2.0/bin/../libexec/gcc/x86_64-pc-linux-gnu/9.2.0/cc1plus -quiet -v -iprefix /local/java/gcc-9.2.0/bin/../lib/gcc/x86_64-pc-linux-gnu/9.2.0/ -D_GNU_SOURCE /usr/share/cmake/Modules/CMakeCXXCompilerABI.cpp -quiet -dumpbase CMakeCXXCompilerABI.cpp -mtune=generic -march=x86-64 -auxbase-strip CMakeFiles/cmTC_8d7ef.dir/CMakeCXXCompilerABI.cpp.o -version -o /tmp/dcs-tmp.u2145461/ccJWHlHz.s]
  ignore line: [GNU C++14 (GCC) version 9.2.0 (x86_64-pc-linux-gnu)]
  ignore line: [	compiled by GNU C version 9.2.0  GMP version 6.0.0  MPFR version 3.1.1  MPC version 1.0.1  isl version none]
  ignore line: [warning: GMP header version 6.0.0 differs from library version 6.1.2.]
  ignore line: [warning: MPFR header version 3.1.1 differs from library version 3.1.6-p2.]
  ignore line: [warning: MPC header version 1.0.1 differs from library version 1.1.0.]
  ignore line: [GGC heuristics: --param ggc-min-expand=100 --param ggc-min-heapsize=131072]
  ignore line: [ignoring nonexistent directory "/local/java/gcc-9.2.0/bin/../lib/gcc/x86_64-pc-linux-gnu/9.2.0/../../../../x86_64-pc-linux-gnu/include"]
  ignore line: [ignoring duplicate directory "/local/java/gcc-9.2.0/bin/../lib/gcc/../../lib/gcc/x86_64-pc-linux-gnu/9.2.0/../../../../include/c++/9.2.0"]
  ignore line: [ignoring duplicate directory "/local/java/gcc-9.2.0/bin/../lib/gcc/../../lib/gcc/x86_64-pc-linux-gnu/9.2.0/../../../../include/c++/9.2.0/x86_64-pc-linux-gnu"]
  ignore line: [ignoring duplicate directory "/local/java/gcc-9.2.0/bin/../lib/gcc/../../lib/gcc/x86_64-pc-linux-gnu/9.2.0/../../../../include/c++/9.2.0/backward"]
  ignore line: [ignoring duplicate directory "/local/java/gcc-9.2.0/bin/../lib/gcc/../../lib/gcc/x86_64-pc-linux-gnu/9.2.0/include"]
  ignore line: [ignoring duplicate directory "/local/java/gcc-9.2.0/bin/../lib/gcc/../../lib/gcc/x86_64-pc-linux-gnu/9.2.0/include-fixed"]
  ignore line: [ignoring nonexistent directory "/local/java/gcc-9.2.0/bin/../lib/gcc/../../lib/gcc/x86_64-pc-linux-gnu/9.2.0/../../../../x86_64-pc-linux-gnu/include"]
  ignore line: [#include "..." search starts here:]
  ignore line: [#include <...> search starts here:]
  ignore line: [ /local/java/gcc-9.2.0/bin/../lib/gcc/x86_64-pc-linux-gnu/9.2.0/../../../../include/c++/9.2.0]
  ignore line: [ /local/java/gcc-9.2.0/bin/../lib/gcc/x86_64-pc-linux-gnu/9.2.0/../../../../include/c++/9.2.0/x86_64-pc-linux-gnu]
  ignore line: [ /local/java/gcc-9.2.0/bin/../lib/gcc/x86_64-pc-linux-gnu/9.2.0/../../../../include/c++/9.2.0/backward]
  ignore line: [ /local/java/gcc-9.2.0/bin/../lib/gcc/x86_64-pc-linux-gnu/9.2.0/include]
  ignore line: [ /local/java/gcc-9.2.0/bin/../lib/gcc/x86_64-pc-linux-gnu/9.2.0/include-fixed]
  ignore line: [ /usr/local/include]
  ignore line: [ /local/java/gcc-9.2.0/bin/../lib/gcc/../../include]
  ignore line: [ /usr/include]
  ignore line: [End of search list.]
  ignore line: [GNU C++14 (GCC) version 9.2.0 (x86_64-pc-linux-gnu)]
  ignore line: [	compiled by GNU C version 9.2.0  GMP version 6.0.0  MPFR version 3.1.1  MPC version 1.0.1  isl version none]
  ignore line: [warning: GMP header version 6.0.0 differs from library version 6.1.2.]
  ignore line: [warning: MPFR header version 3.1.1 differs from library version 3.1.6-p2.]
  ignore line: [warning: MPC header version 1.0.1 differs from library version 1.1.0.]
  ignore line: [GGC heuristics: --param ggc-min-expand=100 --param ggc-min-heapsize=131072]
  ignore line: [Compiler executable checksum: 958a0ad1fdffa8b1961706ed08c3e591]
  ignore line: [COLLECT_GCC_OPTIONS='-v' '-o' 'CMakeFiles/cmTC_8d7ef.dir/CMakeCXXCompilerABI.cpp.o' '-c' '-shared-libgcc' '-mtune=generic' '-march=x86-64']
  ignore line: [ as -v --64 -o CMakeFiles/cmTC_8d7ef.dir/CMakeCXXCompilerABI.cpp.o /tmp/dcs-tmp.u2145461/ccJWHlHz.s]
  ignore line: [GNU assembler version 2.30 (x86_64-redhat-linux) using BFD version version 2.30-119.el8_8.2]
  ignore line: [COMPILER_PATH=/local/java/gcc-9.2.0/bin/../libexec/gcc/x86_64-pc-linux-gnu/9.2.0/:/local/java/gcc-9.2.0/bin/../libexec/gcc/]
  ignore line: [LIBRARY_PATH=/local/java/gcc-9.2.0/bin/../lib/gcc/x86_64-pc-linux-gnu/9.2.0/:/local/java/gcc-9.2.0/bin/../lib/gcc/:/local/java/gcc-9.2.0/bin/../lib/gcc/x86_64-pc-linux-gnu/9.2.0/../../../../lib64/:/lib/../lib64/:/usr/lib/../lib64/:/local/java/gcc-9.2.0/bin/../lib/gcc/x86_64-pc-linux-gnu/9.2.0/../../../:/lib/:/usr/lib/]
  ignore line: [COLLECT_GCC_OPTIONS='-v' '-o' 'CMakeFiles/cmTC_8d7ef.dir/CMakeCXXCompilerABI.cpp.o' '-c' '-shared-libgcc' '-mtune=generic' '-march=x86-64']
  ignore line: [Linking CXX executable cmTC_8d7ef]
  ignore line: [/usr/bin/cmake -E cmake_link_script CMakeFiles/cmTC_8d7ef.dir/link.txt --verbose=1]
  ignore line: [/local/java/gcc-9/bin/g++  -v CMakeFiles/cmTC_8d7ef.dir/CMakeCXXCompilerABI.cpp.o -o cmTC_8d7ef ]
  ignore line: [Using built-in specs.]
  ignore line: [COLLECT_GCC=/local/java/gcc-9/bin/g++]
  ignore line: [COLLECT_LTO_WRAPPER=/local/java/gcc-9.2.0/bin/../libexec/gcc/x86_64-pc-linux-gnu/9.2.0/lto-wrapper]
  ignore line: [Target: x86_64-pc-linux-gnu]
  ignore line: [Configured with: ./configure --prefix=/tmp/gcc-9.2.0]
  ignore line: [Thread model: posix]
  ignore line: [gcc version 9.2.0 (GCC) ]
  ignore line: [COMPILER_PATH=/local/java/gcc-9.2.0/bin/../libexec/gcc/x86_64-pc-linux-gnu/9.2.0/:/local/java/gcc-9.2.0/bin/../libexec/gcc/]
  ignore line: [LIBRARY_PATH=/local/java/gcc-9.2.0/bin/../lib/gcc/x86_64-pc-linux-gnu/9.2.0/:/local/java/gcc-9.2.0/bin/../lib/gcc/:/local/java/gcc-9.2.0/bin/../lib/gcc/x86_64-pc-linux-gnu/9.2.0/../../../../lib64/:/lib/../lib64/:/usr/lib/../lib64/:/local/java/gcc-9.2.0/bin/../lib/gcc/x86_64-pc-linux-gnu/9.2.0/../../../:/lib/:/usr/lib/]
  ignore line: [COLLECT_GCC_OPTIONS='-v' '-o' 'cmTC_8d7ef' '-shared-libgcc' '-mtune=generic' '-march=x86-64']
  link line: [ /local/java/gcc-9.2.0/bin/../libexec/gcc/x86_64-pc-linux-gnu/9.2.0/collect2 -plugin /local/java/gcc-9.2.0/bin/../libexec/gcc/x86_64-pc-linux-gnu/9.2.0/liblto_plugin.so -plugin-opt=/local/java/gcc-9.2.0/bin/../libexec/gcc/x86_64-pc-linux-gnu/9.2.0/lto-wrapper -plugin-opt=-fresolution=/tmp/dcs-tmp.u2145461/ccsR7JOf.res -plugin-opt=-pass-through=-lgcc_s -plugin-opt=-pass-through=-lgcc -plugin-opt=-pass-through=-lc -plugin-opt=-pass-through=-lgcc_s -plugin-opt=-pass-through=-lgcc --eh-frame-hdr -m elf_x86_64 -dynamic-linker /lib64/ld-linux-x86-64.so.2 -o cmTC_8d7ef /lib/../lib64/crt1.o /lib/../lib64/crti.o /local/java/gcc-9.2.0/bin/../lib/gcc/x86_64-pc-linux-gnu/9.2.0/crtbegin.o -L/local/java/gcc-9.2.0/bin/../lib/gcc/x86_64-pc-linux-gnu/9.2.0 -L/local/java/gcc-9.2.0/bin/../lib/gcc -L/local/java/gcc-9.2.0/bin/../lib/gcc/x86_64-pc-linux-gnu/9.2.0/../../../../lib64 -L/lib/../lib64 -L/usr/lib/../lib64 -L/local/java/gcc-9.2.0/bin/../lib/gcc/x86_64-pc-linux-gnu/9.2.0/../../.. CMakeFiles/cmTC_8d7ef.dir/CMakeCXXCompilerABI.cpp.o -lstdc++ -lm -lgcc_s -lgcc -lc -lgcc_s -lgcc /local/java/gcc-9.2.0/bin/../lib/gcc/x86_64-pc-linux-gnu/9.2.0/crtend.o /lib/../lib64/crtn.o]
    arg [/local/java/gcc-9.2.0/bin/../libexec/gcc/x86_64-pc-linux-gnu/9.2.0/collect2] ==> ignore
    arg [-plugin] ==> ignore
    arg [/local/java/gcc-9.2.0/bin/../libexec/gcc/x86_64-pc-linux-gnu/9.2.0/liblto_plugin.so] ==> ignore
    arg [-plugin-opt=/local/java/gcc-9.2.0/bin/../libexec/gcc/x86_64-pc-linux-gnu/9.2.0/lto-wrapper] ==> ignore
    arg [-plugin-opt=-fresolution=/tmp/dcs-tmp.u2145461/ccsR7JOf.res] ==> ignore
    arg [-plugin-opt=-pass-through=-lgcc_s] ==> ignore
    arg [-plugin-opt=-pass-through=-lgcc] ==> ignore
    arg [-plugin-opt=-pass-through=-lc] ==> ignore
    arg [-plugin-opt=-pass-through=-lgcc_s] ==> ignore
    arg [-plugin-opt=-pass-through=-lgcc] ==> ignore
    arg [--eh-frame-hdr] ==> ignore
    arg [-m] ==> ignore
    arg [elf_x86_64] ==> ignore
    arg [-dynamic-linker] ==> ignore
    arg [/lib64/ld-linux-x86-64.so.2] ==> ignore
    arg [-o] ==> ignore
    arg [cmTC_8d7ef] ==> ignore
    arg [/lib/../lib64/crt1.o] ==> obj [/lib/../lib64/crt1.o]
    arg [/lib/../lib64/crti.o] ==> obj [/lib/../lib64/crti.o]
    arg [/local/java/gcc-9.2.0/bin/../lib/gcc/x86_64-pc-linux-gnu/9.2.0/crtbegin.o] ==> obj [/local/java/gcc-9.2.0/bin/../lib/gcc/x86_64-pc-linux-gnu/9.2.0/crtbegin.o]
    arg [-L/local/java/gcc-9.2.0/bin/../lib/gcc/x86_64-pc-linux-gnu/9.2.0] ==> dir [/local/java/gcc-9.2.0/bin/../lib/gcc/x86_64-pc-linux-gnu/9.2.0]
    arg [-L/local/java/gcc-9.2.0/bin/../lib/gcc] ==> dir [/local/java/gcc-9.2.0/bin/../lib/gcc]
    arg [-L/local/java/gcc-9.2.0/bin/../lib/gcc/x86_64-pc-linux-gnu/9.2.0/../../../../lib64] ==> dir [/local/java/gcc-9.2.0/bin/../lib/gcc/x86_64-pc-linux-gnu/9.2.0/../../../../lib64]
    arg [-L/lib/../lib64] ==> dir [/lib/../lib64]
    arg [-L/usr/lib/../lib64] ==> dir [/usr/lib/../lib64]
    arg [-L/local/java/gcc-9.2.0/bin/../lib/gcc/x86_64-pc-linux-gnu/9.2.0/../../..] ==> dir [/local/java/gcc-9.2.0/bin/../lib/gcc/x86_64-pc-linux-gnu/9.2.0/../../..]
    arg [CMakeFiles/cmTC_8d7ef.dir/CMakeCXXCompilerABI.cpp.o] ==> ignore
    arg [-lstdc++] ==> lib [stdc++]
    arg [-lm] ==> lib [m]
    arg [-lgcc_s] ==> lib [gcc_s]
    arg [-lgcc] ==> lib [gcc]
    arg [-lc] ==> lib [c]
    arg [-lgcc_s] ==> lib [gcc_s]
    arg [-lgcc] ==> lib [gcc]
    arg [/local/java/gcc-9.2.0/bin/../lib/gcc/x86_64-pc-linux-gnu/9.2.0/crtend.o] ==> obj [/local/java/gcc-9.2.0/bin/../lib/gcc/x86_64-pc-linux-gnu/9.2.0/crtend.o]
    arg [/lib/../lib64/crtn.o] ==> obj [/lib/../lib64/crtn.o]
  collapse obj [/lib/../lib64/crt1.o] ==> [/lib64/crt1.o]
  collapse obj [/lib/../lib64/crti.o] ==> [/lib64/crti.o]
  collapse obj [/local/java/gcc-9.2.0/bin/../lib/gcc/x86_64-pc-linux-gnu/9.2.0/crtbegin.o] ==> [/local/java/gcc-9.2.0/lib/gcc/x86_64-pc-linux-gnu/9.2.0/crtbegin.o]
  collapse obj [/local/java/gcc-9.2.0/bin/../lib/gcc/x86_64-pc-linux-gnu/9.2.0/crtend.o] ==> [/local/java/gcc-9.2.0/lib/gcc/x86_64-pc-linux-gnu/9.2.0/crtend.o]
  collapse obj [/lib/../lib64/crtn.o] ==> [/lib64/crtn.o]
  collapse library dir [/local/java/gcc-9.2.0/bin/../lib/gcc/x86_64-pc-linux-gnu/9.2.0] ==> [/local/java/gcc-9.2.0/lib/gcc/x86_64-pc-linux-gnu/9.2.0]
  collapse library dir [/local/java/gcc-9.2.0/bin/../lib/gcc] ==> [/local/java/gcc-9.2.0/lib/gcc]
  collapse library dir [/local/java/gcc-9.2.0/bin/../lib/gcc/x86_64-pc-linux-gnu/9.2.0/../../../../lib64] ==> [/local/java/gcc-9.2.0/lib64]
  collapse library dir [/lib/../lib64] ==> [/lib64]
  collapse library dir [/usr/lib/../lib64] ==> [/usr/lib64]
  collapse library dir [/local/java/gcc-9.2.0/bin/../lib/gcc/x86_64-pc-linux-gnu/9.2.0/../../..] ==> [/local/java/gcc-9.2.0/lib]
  implicit libs: [stdc++;m;gcc_s;gcc;c;gcc_s;gcc]
  implicit objs: [/lib64/crt1.o;/lib64/crti.o;/local/java/gcc-9.2.0/lib/gcc/x86_64-pc-linux-gnu/9.2.0/crtbegin.o;/local/java/gcc-9.2.0/lib/gcc/x86_64-pc-linux-gnu/9.2.0/crtend.o;/lib64/crtn.o]
  implicit dirs: [/local/java/gcc-9.2.0/lib/gcc/x86_64-pc-linux-gnu/9.2.0;/local/java/gcc-9.2.0/lib/gcc;/local/java/gcc-9.2.0/lib64;/lib64;/usr/lib64;/local/java/gcc-9.2.0/lib]
  implicit fwks: []


The system is: Linux - 4.18.0-477.27.1.el8_8.x86_64 - x86_64
Compiling the C compiler identification source file "CMakeCCompilerId.c" succeeded.
Compiler: /local/java/gcc-9/bin/gcc 
Build flags: 
Id flags:  

The output was:
0


Compilation of the C compiler identification source "CMakeCCompilerId.c" produced "a.out"

The C compiler identification is GNU, found in "/dcs/21/u2145461/cs310/knnGPU/CMakeFiles/3.24.2/CompilerIdC/a.out"

Compiling the CXX compiler identification source file "CMakeCXXCompilerId.cpp" succeeded.
Compiler: /local/java/gcc-9/bin/g++ 
Build flags: 
Id flags:  

The output was:
0


Compilation of the CXX compiler identification source "CMakeCXXCompilerId.cpp" produced "a.out"

The CXX compiler identification is GNU, found in "/dcs/21/u2145461/cs310/knnGPU/CMakeFiles/3.24.2/CompilerIdCXX/a.out"

Detecting C compiler ABI info compiled with the following output:
Change Dir: /dcs/21/u2145461/cs310/knnGPU/CMakeFiles/CMakeTmp

Run Build Command(s):/usr/bin/gmake -f Makefile cmTC_373fc/fast && /usr/bin/gmake  -f CMakeFiles/cmTC_373fc.dir/build.make CMakeFiles/cmTC_373fc.dir/build
gmake[1]: Entering directory '/dcs/21/u2145461/cs310/knnGPU/CMakeFiles/CMakeTmp'
Building C object CMakeFiles/cmTC_373fc.dir/CMakeCCompilerABI.c.o
/local/java/gcc-9/bin/gcc   -v -o CMakeFiles/cmTC_373fc.dir/CMakeCCompilerABI.c.o -c /local/java/cmake-3.24.2-linux-x86_64/share/cmake-3.24/Modules/CMakeCCompilerABI.c
Using built-in specs.
COLLECT_GCC=/local/java/gcc-9/bin/gcc
Target: x86_64-pc-linux-gnu
Configured with: ./configure --prefix=/tmp/gcc-9.2.0
Thread model: posix
gcc version 9.2.0 (GCC) 
COLLECT_GCC_OPTIONS='-v' '-o' 'CMakeFiles/cmTC_373fc.dir/CMakeCCompilerABI.c.o' '-c' '-mtune=generic' '-march=x86-64'
 /local/java/gcc-9.2.0/bin/../libexec/gcc/x86_64-pc-linux-gnu/9.2.0/cc1 -quiet -v -iprefix /local/java/gcc-9.2.0/bin/../lib/gcc/x86_64-pc-linux-gnu/9.2.0/ /local/java/cmake-3.24.2-linux-x86_64/share/cmake-3.24/Modules/CMakeCCompilerABI.c -quiet -dumpbase CMakeCCompilerABI.c -mtune=generic -march=x86-64 -auxbase-strip CMakeFiles/cmTC_373fc.dir/CMakeCCompilerABI.c.o -version -o /tmp/dcs-tmp.u2145461/ccQc9MRa.s
GNU C17 (GCC) version 9.2.0 (x86_64-pc-linux-gnu)
	compiled by GNU C version 9.2.0, GMP version 6.0.0, MPFR version 3.1.1, MPC version 1.0.1, isl version none
warning: GMP header version 6.0.0 differs from library version 6.1.2.
warning: MPFR header version 3.1.1 differs from library version 3.1.6-p2.
warning: MPC header version 1.0.1 differs from library version 1.1.0.
GGC heuristics: --param ggc-min-expand=100 --param ggc-min-heapsize=131072
ignoring nonexistent directory "/local/java/gcc-9.2.0/bin/../lib/gcc/x86_64-pc-linux-gnu/9.2.0/../../../../x86_64-pc-linux-gnu/include"
ignoring duplicate directory "/local/java/gcc-9.2.0/bin/../lib/gcc/../../lib/gcc/x86_64-pc-linux-gnu/9.2.0/include"
ignoring duplicate directory "/local/java/gcc-9.2.0/bin/../lib/gcc/../../lib/gcc/x86_64-pc-linux-gnu/9.2.0/include-fixed"
ignoring nonexistent directory "/local/java/gcc-9.2.0/bin/../lib/gcc/../../lib/gcc/x86_64-pc-linux-gnu/9.2.0/../../../../x86_64-pc-linux-gnu/include"
#include "..." search starts here:
#include <...> search starts here:
 /local/java/gcc-9.2.0/bin/../lib/gcc/x86_64-pc-linux-gnu/9.2.0/include
 /local/java/gcc-9.2.0/bin/../lib/gcc/x86_64-pc-linux-gnu/9.2.0/include-fixed
 /usr/local/include
 /local/java/gcc-9.2.0/bin/../lib/gcc/../../include
 /usr/include
End of search list.
GNU C17 (GCC) version 9.2.0 (x86_64-pc-linux-gnu)
	compiled by GNU C version 9.2.0, GMP version 6.0.0, MPFR version 3.1.1, MPC version 1.0.1, isl version none
warning: GMP header version 6.0.0 differs from library version 6.1.2.
warning: MPFR header version 3.1.1 differs from library version 3.1.6-p2.
warning: MPC header version 1.0.1 differs from library version 1.1.0.
GGC heuristics: --param ggc-min-expand=100 --param ggc-min-heapsize=131072
Compiler executable checksum: 30d88cc8a1ae027c6c02cd5781583091
COLLECT_GCC_OPTIONS='-v' '-o' 'CMakeFiles/cmTC_373fc.dir/CMakeCCompilerABI.c.o' '-c' '-mtune=generic' '-march=x86-64'
 as -v --64 -o CMakeFiles/cmTC_373fc.dir/CMakeCCompilerABI.c.o /tmp/dcs-tmp.u2145461/ccQc9MRa.s
GNU assembler version 2.30 (x86_64-redhat-linux) using BFD version version 2.30-119.el8_8.2
COMPILER_PATH=/local/java/gcc-9.2.0/bin/../libexec/gcc/x86_64-pc-linux-gnu/9.2.0/:/local/java/gcc-9.2.0/bin/../libexec/gcc/
LIBRARY_PATH=/local/java/gcc-9.2.0/bin/../lib/gcc/x86_64-pc-linux-gnu/9.2.0/:/local/java/gcc-9.2.0/bin/../lib/gcc/:/local/java/gcc-9.2.0/bin/../lib/gcc/x86_64-pc-linux-gnu/9.2.0/../../../../lib64/:/lib/../lib64/:/usr/lib/../lib64/:/local/java/gcc-9.2.0/bin/../lib/gcc/x86_64-pc-linux-gnu/9.2.0/../../../:/lib/:/usr/lib/
COLLECT_GCC_OPTIONS='-v' '-o' 'CMakeFiles/cmTC_373fc.dir/CMakeCCompilerABI.c.o' '-c' '-mtune=generic' '-march=x86-64'
Linking C executable cmTC_373fc
/local/java/cmake-3.24.2-linux-x86_64/bin/cmake -E cmake_link_script CMakeFiles/cmTC_373fc.dir/link.txt --verbose=1
/local/java/gcc-9/bin/gcc  -v CMakeFiles/cmTC_373fc.dir/CMakeCCompilerABI.c.o -o cmTC_373fc 
Using built-in specs.
COLLECT_GCC=/local/java/gcc-9/bin/gcc
COLLECT_LTO_WRAPPER=/local/java/gcc-9.2.0/bin/../libexec/gcc/x86_64-pc-linux-gnu/9.2.0/lto-wrapper
Target: x86_64-pc-linux-gnu
Configured with: ./configure --prefix=/tmp/gcc-9.2.0
Thread model: posix
gcc version 9.2.0 (GCC) 
COMPILER_PATH=/local/java/gcc-9.2.0/bin/../libexec/gcc/x86_64-pc-linux-gnu/9.2.0/:/local/java/gcc-9.2.0/bin/../libexec/gcc/
LIBRARY_PATH=/local/java/gcc-9.2.0/bin/../lib/gcc/x86_64-pc-linux-gnu/9.2.0/:/local/java/gcc-9.2.0/bin/../lib/gcc/:/local/java/gcc-9.2.0/bin/../lib/gcc/x86_64-pc-linux-gnu/9.2.0/../../../../lib64/:/lib/../lib64/:/usr/lib/../lib64/:/local/java/gcc-9.2.0/bin/../lib/gcc/x86_64-pc-linux-gnu/9.2.0/../../../:/lib/:/usr/lib/
COLLECT_GCC_OPTIONS='-v' '-o' 'cmTC_373fc' '-mtune=generic' '-march=x86-64'
 /local/java/gcc-9.2.0/bin/../libexec/gcc/x86_64-pc-linux-gnu/9.2.0/collect2 -plugin /local/java/gcc-9.2.0/bin/../libexec/gcc/x86_64-pc-linux-gnu/9.2.0/liblto_plugin.so -plugin-opt=/local/java/gcc-9.2.0/bin/../libexec/gcc/x86_64-pc-linux-gnu/9.2.0/lto-wrapper -plugin-opt=-fresolution=/tmp/dcs-tmp.u2145461/cca6NKlr.res -plugin-opt=-pass-through=-lgcc -plugin-opt=-pass-through=-lgcc_s -plugin-opt=-pass-through=-lc -plugin-opt=-pass-through=-lgcc -plugin-opt=-pass-through=-lgcc_s --eh-frame-hdr -m elf_x86_64 -dynamic-linker /lib64/ld-linux-x86-64.so.2 -o cmTC_373fc /lib/../lib64/crt1.o /lib/../lib64/crti.o /local/java/gcc-9.2.0/bin/../lib/gcc/x86_64-pc-linux-gnu/9.2.0/crtbegin.o -L/local/java/gcc-9.2.0/bin/../lib/gcc/x86_64-pc-linux-gnu/9.2.0 -L/local/java/gcc-9.2.0/bin/../lib/gcc -L/local/java/gcc-9.2.0/bin/../lib/gcc/x86_64-pc-linux-gnu/9.2.0/../../../../lib64 -L/lib/../lib64 -L/usr/lib/../lib64 -L/local/java/gcc-9.2.0/bin/../lib/gcc/x86_64-pc-linux-gnu/9.2.0/../../.. CMakeFiles/cmTC_373fc.dir/CMakeCCompilerABI.c.o -lgcc --as-needed -lgcc_s --no-as-needed -lc -lgcc --as-needed -lgcc_s --no-as-needed /local/java/gcc-9.2.0/bin/../lib/gcc/x86_64-pc-linux-gnu/9.2.0/crtend.o /lib/../lib64/crtn.o
COLLECT_GCC_OPTIONS='-v' '-o' 'cmTC_373fc' '-mtune=generic' '-march=x86-64'
gmake[1]: Leaving directory '/dcs/21/u2145461/cs310/knnGPU/CMakeFiles/CMakeTmp'



Parsed C implicit include dir info from above output: rv=done
  found start of include info
  found start of implicit include info
    add: [/local/java/gcc-9.2.0/bin/../lib/gcc/x86_64-pc-linux-gnu/9.2.0/include]
    add: [/local/java/gcc-9.2.0/bin/../lib/gcc/x86_64-pc-linux-gnu/9.2.0/include-fixed]
    add: [/usr/local/include]
    add: [/local/java/gcc-9.2.0/bin/../lib/gcc/../../include]
    add: [/usr/include]
  end of search list found
  collapse include dir [/local/java/gcc-9.2.0/bin/../lib/gcc/x86_64-pc-linux-gnu/9.2.0/include] ==> [/local/java/gcc-9.2.0/lib/gcc/x86_64-pc-linux-gnu/9.2.0/include]
  collapse include dir [/local/java/gcc-9.2.0/bin/../lib/gcc/x86_64-pc-linux-gnu/9.2.0/include-fixed] ==> [/local/java/gcc-9.2.0/lib/gcc/x86_64-pc-linux-gnu/9.2.0/include-fixed]
  collapse include dir [/usr/local/include] ==> [/usr/local/include]
  collapse include dir [/local/java/gcc-9.2.0/bin/../lib/gcc/../../include] ==> [/local/java/gcc-9.2.0/include]
  collapse include dir [/usr/include] ==> [/usr/include]
  implicit include dirs: [/local/java/gcc-9.2.0/lib/gcc/x86_64-pc-linux-gnu/9.2.0/include;/local/java/gcc-9.2.0/lib/gcc/x86_64-pc-linux-gnu/9.2.0/include-fixed;/usr/local/include;/local/java/gcc-9.2.0/include;/usr/include]


Parsed C implicit link information from above output:
  link line regex: [^( *|.*[/\])(ld|CMAKE_LINK_STARTFILE-NOTFOUND|([^/\]+-)?ld|collect2)[^/\]*( |$)]
  ignore line: [Change Dir: /dcs/21/u2145461/cs310/knnGPU/CMakeFiles/CMakeTmp]
  ignore line: []
  ignore line: [Run Build Command(s):/usr/bin/gmake -f Makefile cmTC_373fc/fast && /usr/bin/gmake  -f CMakeFiles/cmTC_373fc.dir/build.make CMakeFiles/cmTC_373fc.dir/build]
  ignore line: [gmake[1]: Entering directory '/dcs/21/u2145461/cs310/knnGPU/CMakeFiles/CMakeTmp']
  ignore line: [Building C object CMakeFiles/cmTC_373fc.dir/CMakeCCompilerABI.c.o]
  ignore line: [/local/java/gcc-9/bin/gcc   -v -o CMakeFiles/cmTC_373fc.dir/CMakeCCompilerABI.c.o -c /local/java/cmake-3.24.2-linux-x86_64/share/cmake-3.24/Modules/CMakeCCompilerABI.c]
  ignore line: [Using built-in specs.]
  ignore line: [COLLECT_GCC=/local/java/gcc-9/bin/gcc]
  ignore line: [Target: x86_64-pc-linux-gnu]
  ignore line: [Configured with: ./configure --prefix=/tmp/gcc-9.2.0]
  ignore line: [Thread model: posix]
  ignore line: [gcc version 9.2.0 (GCC) ]
  ignore line: [COLLECT_GCC_OPTIONS='-v' '-o' 'CMakeFiles/cmTC_373fc.dir/CMakeCCompilerABI.c.o' '-c' '-mtune=generic' '-march=x86-64']
  ignore line: [ /local/java/gcc-9.2.0/bin/../libexec/gcc/x86_64-pc-linux-gnu/9.2.0/cc1 -quiet -v -iprefix /local/java/gcc-9.2.0/bin/../lib/gcc/x86_64-pc-linux-gnu/9.2.0/ /local/java/cmake-3.24.2-linux-x86_64/share/cmake-3.24/Modules/CMakeCCompilerABI.c -quiet -dumpbase CMakeCCompilerABI.c -mtune=generic -march=x86-64 -auxbase-strip CMakeFiles/cmTC_373fc.dir/CMakeCCompilerABI.c.o -version -o /tmp/dcs-tmp.u2145461/ccQc9MRa.s]
  ignore line: [GNU C17 (GCC) version 9.2.0 (x86_64-pc-linux-gnu)]
  ignore line: [	compiled by GNU C version 9.2.0  GMP version 6.0.0  MPFR version 3.1.1  MPC version 1.0.1  isl version none]
  ignore line: [warning: GMP header version 6.0.0 differs from library version 6.1.2.]
  ignore line: [warning: MPFR header version 3.1.1 differs from library version 3.1.6-p2.]
  ignore line: [warning: MPC header version 1.0.1 differs from library version 1.1.0.]
  ignore line: [GGC heuristics: --param ggc-min-expand=100 --param ggc-min-heapsize=131072]
  ignore line: [ignoring nonexistent directory "/local/java/gcc-9.2.0/bin/../lib/gcc/x86_64-pc-linux-gnu/9.2.0/../../../../x86_64-pc-linux-gnu/include"]
  ignore line: [ignoring duplicate directory "/local/java/gcc-9.2.0/bin/../lib/gcc/../../lib/gcc/x86_64-pc-linux-gnu/9.2.0/include"]
  ignore line: [ignoring duplicate directory "/local/java/gcc-9.2.0/bin/../lib/gcc/../../lib/gcc/x86_64-pc-linux-gnu/9.2.0/include-fixed"]
  ignore line: [ignoring nonexistent directory "/local/java/gcc-9.2.0/bin/../lib/gcc/../../lib/gcc/x86_64-pc-linux-gnu/9.2.0/../../../../x86_64-pc-linux-gnu/include"]
  ignore line: [#include "..." search starts here:]
  ignore line: [#include <...> search starts here:]
  ignore line: [ /local/java/gcc-9.2.0/bin/../lib/gcc/x86_64-pc-linux-gnu/9.2.0/include]
  ignore line: [ /local/java/gcc-9.2.0/bin/../lib/gcc/x86_64-pc-linux-gnu/9.2.0/include-fixed]
  ignore line: [ /usr/local/include]
  ignore line: [ /local/java/gcc-9.2.0/bin/../lib/gcc/../../include]
  ignore line: [ /usr/include]
  ignore line: [End of search list.]
  ignore line: [GNU C17 (GCC) version 9.2.0 (x86_64-pc-linux-gnu)]
  ignore line: [	compiled by GNU C version 9.2.0  GMP version 6.0.0  MPFR version 3.1.1  MPC version 1.0.1  isl version none]
  ignore line: [warning: GMP header version 6.0.0 differs from library version 6.1.2.]
  ignore line: [warning: MPFR header version 3.1.1 differs from library version 3.1.6-p2.]
  ignore line: [warning: MPC header version 1.0.1 differs from library version 1.1.0.]
  ignore line: [GGC heuristics: --param ggc-min-expand=100 --param ggc-min-heapsize=131072]
  ignore line: [Compiler executable checksum: 30d88cc8a1ae027c6c02cd5781583091]
  ignore line: [COLLECT_GCC_OPTIONS='-v' '-o' 'CMakeFiles/cmTC_373fc.dir/CMakeCCompilerABI.c.o' '-c' '-mtune=generic' '-march=x86-64']
  ignore line: [ as -v --64 -o CMakeFiles/cmTC_373fc.dir/CMakeCCompilerABI.c.o /tmp/dcs-tmp.u2145461/ccQc9MRa.s]
  ignore line: [GNU assembler version 2.30 (x86_64-redhat-linux) using BFD version version 2.30-119.el8_8.2]
  ignore line: [COMPILER_PATH=/local/java/gcc-9.2.0/bin/../libexec/gcc/x86_64-pc-linux-gnu/9.2.0/:/local/java/gcc-9.2.0/bin/../libexec/gcc/]
  ignore line: [LIBRARY_PATH=/local/java/gcc-9.2.0/bin/../lib/gcc/x86_64-pc-linux-gnu/9.2.0/:/local/java/gcc-9.2.0/bin/../lib/gcc/:/local/java/gcc-9.2.0/bin/../lib/gcc/x86_64-pc-linux-gnu/9.2.0/../../../../lib64/:/lib/../lib64/:/usr/lib/../lib64/:/local/java/gcc-9.2.0/bin/../lib/gcc/x86_64-pc-linux-gnu/9.2.0/../../../:/lib/:/usr/lib/]
  ignore line: [COLLECT_GCC_OPTIONS='-v' '-o' 'CMakeFiles/cmTC_373fc.dir/CMakeCCompilerABI.c.o' '-c' '-mtune=generic' '-march=x86-64']
  ignore line: [Linking C executable cmTC_373fc]
  ignore line: [/local/java/cmake-3.24.2-linux-x86_64/bin/cmake -E cmake_link_script CMakeFiles/cmTC_373fc.dir/link.txt --verbose=1]
  ignore line: [/local/java/gcc-9/bin/gcc  -v CMakeFiles/cmTC_373fc.dir/CMakeCCompilerABI.c.o -o cmTC_373fc ]
  ignore line: [Using built-in specs.]
  ignore line: [COLLECT_GCC=/local/java/gcc-9/bin/gcc]
  ignore line: [COLLECT_LTO_WRAPPER=/local/java/gcc-9.2.0/bin/../libexec/gcc/x86_64-pc-linux-gnu/9.2.0/lto-wrapper]
  ignore line: [Target: x86_64-pc-linux-gnu]
  ignore line: [Configured with: ./configure --prefix=/tmp/gcc-9.2.0]
  ignore line: [Thread model: posix]
  ignore line: [gcc version 9.2.0 (GCC) ]
  ignore line: [COMPILER_PATH=/local/java/gcc-9.2.0/bin/../libexec/gcc/x86_64-pc-linux-gnu/9.2.0/:/local/java/gcc-9.2.0/bin/../libexec/gcc/]
  ignore line: [LIBRARY_PATH=/local/java/gcc-9.2.0/bin/../lib/gcc/x86_64-pc-linux-gnu/9.2.0/:/local/java/gcc-9.2.0/bin/../lib/gcc/:/local/java/gcc-9.2.0/bin/../lib/gcc/x86_64-pc-linux-gnu/9.2.0/../../../../lib64/:/lib/../lib64/:/usr/lib/../lib64/:/local/java/gcc-9.2.0/bin/../lib/gcc/x86_64-pc-linux-gnu/9.2.0/../../../:/lib/:/usr/lib/]
  ignore line: [COLLECT_GCC_OPTIONS='-v' '-o' 'cmTC_373fc' '-mtune=generic' '-march=x86-64']
  link line: [ /local/java/gcc-9.2.0/bin/../libexec/gcc/x86_64-pc-linux-gnu/9.2.0/collect2 -plugin /local/java/gcc-9.2.0/bin/../libexec/gcc/x86_64-pc-linux-gnu/9.2.0/liblto_plugin.so -plugin-opt=/local/java/gcc-9.2.0/bin/../libexec/gcc/x86_64-pc-linux-gnu/9.2.0/lto-wrapper -plugin-opt=-fresolution=/tmp/dcs-tmp.u2145461/cca6NKlr.res -plugin-opt=-pass-through=-lgcc -plugin-opt=-pass-through=-lgcc_s -plugin-opt=-pass-through=-lc -plugin-opt=-pass-through=-lgcc -plugin-opt=-pass-through=-lgcc_s --eh-frame-hdr -m elf_x86_64 -dynamic-linker /lib64/ld-linux-x86-64.so.2 -o cmTC_373fc /lib/../lib64/crt1.o /lib/../lib64/crti.o /local/java/gcc-9.2.0/bin/../lib/gcc/x86_64-pc-linux-gnu/9.2.0/crtbegin.o -L/local/java/gcc-9.2.0/bin/../lib/gcc/x86_64-pc-linux-gnu/9.2.0 -L/local/java/gcc-9.2.0/bin/../lib/gcc -L/local/java/gcc-9.2.0/bin/../lib/gcc/x86_64-pc-linux-gnu/9.2.0/../../../../lib64 -L/lib/../lib64 -L/usr/lib/../lib64 -L/local/java/gcc-9.2.0/bin/../lib/gcc/x86_64-pc-linux-gnu/9.2.0/../../.. CMakeFiles/cmTC_373fc.dir/CMakeCCompilerABI.c.o -lgcc --as-needed -lgcc_s --no-as-needed -lc -lgcc --as-needed -lgcc_s --no-as-needed /local/java/gcc-9.2.0/bin/../lib/gcc/x86_64-pc-linux-gnu/9.2.0/crtend.o /lib/../lib64/crtn.o]
    arg [/local/java/gcc-9.2.0/bin/../libexec/gcc/x86_64-pc-linux-gnu/9.2.0/collect2] ==> ignore
    arg [-plugin] ==> ignore
    arg [/local/java/gcc-9.2.0/bin/../libexec/gcc/x86_64-pc-linux-gnu/9.2.0/liblto_plugin.so] ==> ignore
    arg [-plugin-opt=/local/java/gcc-9.2.0/bin/../libexec/gcc/x86_64-pc-linux-gnu/9.2.0/lto-wrapper] ==> ignore
    arg [-plugin-opt=-fresolution=/tmp/dcs-tmp.u2145461/cca6NKlr.res] ==> ignore
    arg [-plugin-opt=-pass-through=-lgcc] ==> ignore
    arg [-plugin-opt=-pass-through=-lgcc_s] ==> ignore
    arg [-plugin-opt=-pass-through=-lc] ==> ignore
    arg [-plugin-opt=-pass-through=-lgcc] ==> ignore
    arg [-plugin-opt=-pass-through=-lgcc_s] ==> ignore
    arg [--eh-frame-hdr] ==> ignore
    arg [-m] ==> ignore
    arg [elf_x86_64] ==> ignore
    arg [-dynamic-linker] ==> ignore
    arg [/lib64/ld-linux-x86-64.so.2] ==> ignore
    arg [-o] ==> ignore
    arg [cmTC_373fc] ==> ignore
    arg [/lib/../lib64/crt1.o] ==> obj [/lib/../lib64/crt1.o]
    arg [/lib/../lib64/crti.o] ==> obj [/lib/../lib64/crti.o]
    arg [/local/java/gcc-9.2.0/bin/../lib/gcc/x86_64-pc-linux-gnu/9.2.0/crtbegin.o] ==> obj [/local/java/gcc-9.2.0/bin/../lib/gcc/x86_64-pc-linux-gnu/9.2.0/crtbegin.o]
    arg [-L/local/java/gcc-9.2.0/bin/../lib/gcc/x86_64-pc-linux-gnu/9.2.0] ==> dir [/local/java/gcc-9.2.0/bin/../lib/gcc/x86_64-pc-linux-gnu/9.2.0]
    arg [-L/local/java/gcc-9.2.0/bin/../lib/gcc] ==> dir [/local/java/gcc-9.2.0/bin/../lib/gcc]
    arg [-L/local/java/gcc-9.2.0/bin/../lib/gcc/x86_64-pc-linux-gnu/9.2.0/../../../../lib64] ==> dir [/local/java/gcc-9.2.0/bin/../lib/gcc/x86_64-pc-linux-gnu/9.2.0/../../../../lib64]
    arg [-L/lib/../lib64] ==> dir [/lib/../lib64]
    arg [-L/usr/lib/../lib64] ==> dir [/usr/lib/../lib64]
    arg [-L/local/java/gcc-9.2.0/bin/../lib/gcc/x86_64-pc-linux-gnu/9.2.0/../../..] ==> dir [/local/java/gcc-9.2.0/bin/../lib/gcc/x86_64-pc-linux-gnu/9.2.0/../../..]
    arg [CMakeFiles/cmTC_373fc.dir/CMakeCCompilerABI.c.o] ==> ignore
    arg [-lgcc] ==> lib [gcc]
    arg [--as-needed] ==> ignore
    arg [-lgcc_s] ==> lib [gcc_s]
    arg [--no-as-needed] ==> ignore
    arg [-lc] ==> lib [c]
    arg [-lgcc] ==> lib [gcc]
    arg [--as-needed] ==> ignore
    arg [-lgcc_s] ==> lib [gcc_s]
    arg [--no-as-needed] ==> ignore
    arg [/local/java/gcc-9.2.0/bin/../lib/gcc/x86_64-pc-linux-gnu/9.2.0/crtend.o] ==> obj [/local/java/gcc-9.2.0/bin/../lib/gcc/x86_64-pc-linux-gnu/9.2.0/crtend.o]
    arg [/lib/../lib64/crtn.o] ==> obj [/lib/../lib64/crtn.o]
  collapse obj [/lib/../lib64/crt1.o] ==> [/lib64/crt1.o]
  collapse obj [/lib/../lib64/crti.o] ==> [/lib64/crti.o]
  collapse obj [/local/java/gcc-9.2.0/bin/../lib/gcc/x86_64-pc-linux-gnu/9.2.0/crtbegin.o] ==> [/local/java/gcc-9.2.0/lib/gcc/x86_64-pc-linux-gnu/9.2.0/crtbegin.o]
  collapse obj [/local/java/gcc-9.2.0/bin/../lib/gcc/x86_64-pc-linux-gnu/9.2.0/crtend.o] ==> [/local/java/gcc-9.2.0/lib/gcc/x86_64-pc-linux-gnu/9.2.0/crtend.o]
  collapse obj [/lib/../lib64/crtn.o] ==> [/lib64/crtn.o]
  collapse library dir [/local/java/gcc-9.2.0/bin/../lib/gcc/x86_64-pc-linux-gnu/9.2.0] ==> [/local/java/gcc-9.2.0/lib/gcc/x86_64-pc-linux-gnu/9.2.0]
  collapse library dir [/local/java/gcc-9.2.0/bin/../lib/gcc] ==> [/local/java/gcc-9.2.0/lib/gcc]
  collapse library dir [/local/java/gcc-9.2.0/bin/../lib/gcc/x86_64-pc-linux-gnu/9.2.0/../../../../lib64] ==> [/local/java/gcc-9.2.0/lib64]
  collapse library dir [/lib/../lib64] ==> [/lib64]
  collapse library dir [/usr/lib/../lib64] ==> [/usr/lib64]
  collapse library dir [/local/java/gcc-9.2.0/bin/../lib/gcc/x86_64-pc-linux-gnu/9.2.0/../../..] ==> [/local/java/gcc-9.2.0/lib]
  implicit libs: [gcc;gcc_s;c;gcc;gcc_s]
  implicit objs: [/lib64/crt1.o;/lib64/crti.o;/local/java/gcc-9.2.0/lib/gcc/x86_64-pc-linux-gnu/9.2.0/crtbegin.o;/local/java/gcc-9.2.0/lib/gcc/x86_64-pc-linux-gnu/9.2.0/crtend.o;/lib64/crtn.o]
  implicit dirs: [/local/java/gcc-9.2.0/lib/gcc/x86_64-pc-linux-gnu/9.2.0;/local/java/gcc-9.2.0/lib/gcc;/local/java/gcc-9.2.0/lib64;/lib64;/usr/lib64;/local/java/gcc-9.2.0/lib]
  implicit fwks: []


Detecting CXX compiler ABI info compiled with the following output:
Change Dir: /dcs/21/u2145461/cs310/knnGPU/CMakeFiles/CMakeTmp

Run Build Command(s):/usr/bin/gmake -f Makefile cmTC_1271f/fast && /usr/bin/gmake  -f CMakeFiles/cmTC_1271f.dir/build.make CMakeFiles/cmTC_1271f.dir/build
gmake[1]: Entering directory '/dcs/21/u2145461/cs310/knnGPU/CMakeFiles/CMakeTmp'
Building CXX object CMakeFiles/cmTC_1271f.dir/CMakeCXXCompilerABI.cpp.o
/local/java/gcc-9/bin/g++   -v -o CMakeFiles/cmTC_1271f.dir/CMakeCXXCompilerABI.cpp.o -c /local/java/cmake-3.24.2-linux-x86_64/share/cmake-3.24/Modules/CMakeCXXCompilerABI.cpp
Using built-in specs.
COLLECT_GCC=/local/java/gcc-9/bin/g++
Target: x86_64-pc-linux-gnu
Configured with: ./configure --prefix=/tmp/gcc-9.2.0
Thread model: posix
gcc version 9.2.0 (GCC) 
COLLECT_GCC_OPTIONS='-v' '-o' 'CMakeFiles/cmTC_1271f.dir/CMakeCXXCompilerABI.cpp.o' '-c' '-shared-libgcc' '-mtune=generic' '-march=x86-64'
 /local/java/gcc-9.2.0/bin/../libexec/gcc/x86_64-pc-linux-gnu/9.2.0/cc1plus -quiet -v -iprefix /local/java/gcc-9.2.0/bin/../lib/gcc/x86_64-pc-linux-gnu/9.2.0/ -D_GNU_SOURCE /local/java/cmake-3.24.2-linux-x86_64/share/cmake-3.24/Modules/CMakeCXXCompilerABI.cpp -quiet -dumpbase CMakeCXXCompilerABI.cpp -mtune=generic -march=x86-64 -auxbase-strip CMakeFiles/cmTC_1271f.dir/CMakeCXXCompilerABI.cpp.o -version -o /tmp/dcs-tmp.u2145461/cc5rvZtx.s
GNU C++14 (GCC) version 9.2.0 (x86_64-pc-linux-gnu)
	compiled by GNU C version 9.2.0, GMP version 6.0.0, MPFR version 3.1.1, MPC version 1.0.1, isl version none
warning: GMP header version 6.0.0 differs from library version 6.1.2.
warning: MPFR header version 3.1.1 differs from library version 3.1.6-p2.
warning: MPC header version 1.0.1 differs from library version 1.1.0.
GGC heuristics: --param ggc-min-expand=100 --param ggc-min-heapsize=131072
ignoring nonexistent directory "/local/java/gcc-9.2.0/bin/../lib/gcc/x86_64-pc-linux-gnu/9.2.0/../../../../x86_64-pc-linux-gnu/include"
ignoring duplicate directory "/local/java/gcc-9.2.0/bin/../lib/gcc/../../lib/gcc/x86_64-pc-linux-gnu/9.2.0/../../../../include/c++/9.2.0"
ignoring duplicate directory "/local/java/gcc-9.2.0/bin/../lib/gcc/../../lib/gcc/x86_64-pc-linux-gnu/9.2.0/../../../../include/c++/9.2.0/x86_64-pc-linux-gnu"
ignoring duplicate directory "/local/java/gcc-9.2.0/bin/../lib/gcc/../../lib/gcc/x86_64-pc-linux-gnu/9.2.0/../../../../include/c++/9.2.0/backward"
ignoring duplicate directory "/local/java/gcc-9.2.0/bin/../lib/gcc/../../lib/gcc/x86_64-pc-linux-gnu/9.2.0/include"
ignoring duplicate directory "/local/java/gcc-9.2.0/bin/../lib/gcc/../../lib/gcc/x86_64-pc-linux-gnu/9.2.0/include-fixed"
ignoring nonexistent directory "/local/java/gcc-9.2.0/bin/../lib/gcc/../../lib/gcc/x86_64-pc-linux-gnu/9.2.0/../../../../x86_64-pc-linux-gnu/include"
#include "..." search starts here:
#include <...> search starts here:
 /local/java/gcc-9.2.0/bin/../lib/gcc/x86_64-pc-linux-gnu/9.2.0/../../../../include/c++/9.2.0
 /local/java/gcc-9.2.0/bin/../lib/gcc/x86_64-pc-linux-gnu/9.2.0/../../../../include/c++/9.2.0/x86_64-pc-linux-gnu
 /local/java/gcc-9.2.0/bin/../lib/gcc/x86_64-pc-linux-gnu/9.2.0/../../../../include/c++/9.2.0/backward
 /local/java/gcc-9.2.0/bin/../lib/gcc/x86_64-pc-linux-gnu/9.2.0/include
 /local/java/gcc-9.2.0/bin/../lib/gcc/x86_64-pc-linux-gnu/9.2.0/include-fixed
 /usr/local/include
 /local/java/gcc-9.2.0/bin/../lib/gcc/../../include
 /usr/include
End of search list.
GNU C++14 (GCC) version 9.2.0 (x86_64-pc-linux-gnu)
	compiled by GNU C version 9.2.0, GMP version 6.0.0, MPFR version 3.1.1, MPC version 1.0.1, isl version none
warning: GMP header version 6.0.0 differs from library version 6.1.2.
warning: MPFR header version 3.1.1 differs from library version 3.1.6-p2.
warning: MPC header version 1.0.1 differs from library version 1.1.0.
GGC heuristics: --param ggc-min-expand=100 --param ggc-min-heapsize=131072
Compiler executable checksum: 958a0ad1fdffa8b1961706ed08c3e591
COLLECT_GCC_OPTIONS='-v' '-o' 'CMakeFiles/cmTC_1271f.dir/CMakeCXXCompilerABI.cpp.o' '-c' '-shared-libgcc' '-mtune=generic' '-march=x86-64'
 as -v --64 -o CMakeFiles/cmTC_1271f.dir/CMakeCXXCompilerABI.cpp.o /tmp/dcs-tmp.u2145461/cc5rvZtx.s
GNU assembler version 2.30 (x86_64-redhat-linux) using BFD version version 2.30-119.el8_8.2
COMPILER_PATH=/local/java/gcc-9.2.0/bin/../libexec/gcc/x86_64-pc-linux-gnu/9.2.0/:/local/java/gcc-9.2.0/bin/../libexec/gcc/
LIBRARY_PATH=/local/java/gcc-9.2.0/bin/../lib/gcc/x86_64-pc-linux-gnu/9.2.0/:/local/java/gcc-9.2.0/bin/../lib/gcc/:/local/java/gcc-9.2.0/bin/../lib/gcc/x86_64-pc-linux-gnu/9.2.0/../../../../lib64/:/lib/../lib64/:/usr/lib/../lib64/:/local/java/gcc-9.2.0/bin/../lib/gcc/x86_64-pc-linux-gnu/9.2.0/../../../:/lib/:/usr/lib/
COLLECT_GCC_OPTIONS='-v' '-o' 'CMakeFiles/cmTC_1271f.dir/CMakeCXXCompilerABI.cpp.o' '-c' '-shared-libgcc' '-mtune=generic' '-march=x86-64'
Linking CXX executable cmTC_1271f
/local/java/cmake-3.24.2-linux-x86_64/bin/cmake -E cmake_link_script CMakeFiles/cmTC_1271f.dir/link.txt --verbose=1
/local/java/gcc-9/bin/g++  -v CMakeFiles/cmTC_1271f.dir/CMakeCXXCompilerABI.cpp.o -o cmTC_1271f 
Using built-in specs.
COLLECT_GCC=/local/java/gcc-9/bin/g++
COLLECT_LTO_WRAPPER=/local/java/gcc-9.2.0/bin/../libexec/gcc/x86_64-pc-linux-gnu/9.2.0/lto-wrapper
Target: x86_64-pc-linux-gnu
Configured with: ./configure --prefix=/tmp/gcc-9.2.0
Thread model: posix
gcc version 9.2.0 (GCC) 
COMPILER_PATH=/local/java/gcc-9.2.0/bin/../libexec/gcc/x86_64-pc-linux-gnu/9.2.0/:/local/java/gcc-9.2.0/bin/../libexec/gcc/
LIBRARY_PATH=/local/java/gcc-9.2.0/bin/../lib/gcc/x86_64-pc-linux-gnu/9.2.0/:/local/java/gcc-9.2.0/bin/../lib/gcc/:/local/java/gcc-9.2.0/bin/../lib/gcc/x86_64-pc-linux-gnu/9.2.0/../../../../lib64/:/lib/../lib64/:/usr/lib/../lib64/:/local/java/gcc-9.2.0/bin/../lib/gcc/x86_64-pc-linux-gnu/9.2.0/../../../:/lib/:/usr/lib/
COLLECT_GCC_OPTIONS='-v' '-o' 'cmTC_1271f' '-shared-libgcc' '-mtune=generic' '-march=x86-64'
 /local/java/gcc-9.2.0/bin/../libexec/gcc/x86_64-pc-linux-gnu/9.2.0/collect2 -plugin /local/java/gcc-9.2.0/bin/../libexec/gcc/x86_64-pc-linux-gnu/9.2.0/liblto_plugin.so -plugin-opt=/local/java/gcc-9.2.0/bin/../libexec/gcc/x86_64-pc-linux-gnu/9.2.0/lto-wrapper -plugin-opt=-fresolution=/tmp/dcs-tmp.u2145461/ccEuOL4s.res -plugin-opt=-pass-through=-lgcc_s -plugin-opt=-pass-through=-lgcc -plugin-opt=-pass-through=-lc -plugin-opt=-pass-through=-lgcc_s -plugin-opt=-pass-through=-lgcc --eh-frame-hdr -m elf_x86_64 -dynamic-linker /lib64/ld-linux-x86-64.so.2 -o cmTC_1271f /lib/../lib64/crt1.o /lib/../lib64/crti.o /local/java/gcc-9.2.0/bin/../lib/gcc/x86_64-pc-linux-gnu/9.2.0/crtbegin.o -L/local/java/gcc-9.2.0/bin/../lib/gcc/x86_64-pc-linux-gnu/9.2.0 -L/local/java/gcc-9.2.0/bin/../lib/gcc -L/local/java/gcc-9.2.0/bin/../lib/gcc/x86_64-pc-linux-gnu/9.2.0/../../../../lib64 -L/lib/../lib64 -L/usr/lib/../lib64 -L/local/java/gcc-9.2.0/bin/../lib/gcc/x86_64-pc-linux-gnu/9.2.0/../../.. CMakeFiles/cmTC_1271f.dir/CMakeCXXCompilerABI.cpp.o -lstdc++ -lm -lgcc_s -lgcc -lc -lgcc_s -lgcc /local/java/gcc-9.2.0/bin/../lib/gcc/x86_64-pc-linux-gnu/9.2.0/crtend.o /lib/../lib64/crtn.o
COLLECT_GCC_OPTIONS='-v' '-o' 'cmTC_1271f' '-shared-libgcc' '-mtune=generic' '-march=x86-64'
gmake[1]: Leaving directory '/dcs/21/u2145461/cs310/knnGPU/CMakeFiles/CMakeTmp'



Parsed CXX implicit include dir info from above output: rv=done
  found start of include info
  found start of implicit include info
    add: [/local/java/gcc-9.2.0/bin/../lib/gcc/x86_64-pc-linux-gnu/9.2.0/../../../../include/c++/9.2.0]
    add: [/local/java/gcc-9.2.0/bin/../lib/gcc/x86_64-pc-linux-gnu/9.2.0/../../../../include/c++/9.2.0/x86_64-pc-linux-gnu]
    add: [/local/java/gcc-9.2.0/bin/../lib/gcc/x86_64-pc-linux-gnu/9.2.0/../../../../include/c++/9.2.0/backward]
    add: [/local/java/gcc-9.2.0/bin/../lib/gcc/x86_64-pc-linux-gnu/9.2.0/include]
    add: [/local/java/gcc-9.2.0/bin/../lib/gcc/x86_64-pc-linux-gnu/9.2.0/include-fixed]
    add: [/usr/local/include]
    add: [/local/java/gcc-9.2.0/bin/../lib/gcc/../../include]
    add: [/usr/include]
  end of search list found
  collapse include dir [/local/java/gcc-9.2.0/bin/../lib/gcc/x86_64-pc-linux-gnu/9.2.0/../../../../include/c++/9.2.0] ==> [/local/java/gcc-9.2.0/include/c++/9.2.0]
  collapse include dir [/local/java/gcc-9.2.0/bin/../lib/gcc/x86_64-pc-linux-gnu/9.2.0/../../../../include/c++/9.2.0/x86_64-pc-linux-gnu] ==> [/local/java/gcc-9.2.0/include/c++/9.2.0/x86_64-pc-linux-gnu]
  collapse include dir [/local/java/gcc-9.2.0/bin/../lib/gcc/x86_64-pc-linux-gnu/9.2.0/../../../../include/c++/9.2.0/backward] ==> [/local/java/gcc-9.2.0/include/c++/9.2.0/backward]
  collapse include dir [/local/java/gcc-9.2.0/bin/../lib/gcc/x86_64-pc-linux-gnu/9.2.0/include] ==> [/local/java/gcc-9.2.0/lib/gcc/x86_64-pc-linux-gnu/9.2.0/include]
  collapse include dir [/local/java/gcc-9.2.0/bin/../lib/gcc/x86_64-pc-linux-gnu/9.2.0/include-fixed] ==> [/local/java/gcc-9.2.0/lib/gcc/x86_64-pc-linux-gnu/9.2.0/include-fixed]
  collapse include dir [/usr/local/include] ==> [/usr/local/include]
  collapse include dir [/local/java/gcc-9.2.0/bin/../lib/gcc/../../include] ==> [/local/java/gcc-9.2.0/include]
  collapse include dir [/usr/include] ==> [/usr/include]
  implicit include dirs: [/local/java/gcc-9.2.0/include/c++/9.2.0;/local/java/gcc-9.2.0/include/c++/9.2.0/x86_64-pc-linux-gnu;/local/java/gcc-9.2.0/include/c++/9.2.0/backward;/local/java/gcc-9.2.0/lib/gcc/x86_64-pc-linux-gnu/9.2.0/include;/local/java/gcc-9.2.0/lib/gcc/x86_64-pc-linux-gnu/9.2.0/include-fixed;/usr/local/include;/local/java/gcc-9.2.0/include;/usr/include]


Parsed CXX implicit link information from above output:
  link line regex: [^( *|.*[/\])(ld|CMAKE_LINK_STARTFILE-NOTFOUND|([^/\]+-)?ld|collect2)[^/\]*( |$)]
  ignore line: [Change Dir: /dcs/21/u2145461/cs310/knnGPU/CMakeFiles/CMakeTmp]
  ignore line: []
  ignore line: [Run Build Command(s):/usr/bin/gmake -f Makefile cmTC_1271f/fast && /usr/bin/gmake  -f CMakeFiles/cmTC_1271f.dir/build.make CMakeFiles/cmTC_1271f.dir/build]
  ignore line: [gmake[1]: Entering directory '/dcs/21/u2145461/cs310/knnGPU/CMakeFiles/CMakeTmp']
  ignore line: [Building CXX object CMakeFiles/cmTC_1271f.dir/CMakeCXXCompilerABI.cpp.o]
  ignore line: [/local/java/gcc-9/bin/g++   -v -o CMakeFiles/cmTC_1271f.dir/CMakeCXXCompilerABI.cpp.o -c /local/java/cmake-3.24.2-linux-x86_64/share/cmake-3.24/Modules/CMakeCXXCompilerABI.cpp]
  ignore line: [Using built-in specs.]
  ignore line: [COLLECT_GCC=/local/java/gcc-9/bin/g++]
  ignore line: [Target: x86_64-pc-linux-gnu]
  ignore line: [Configured with: ./configure --prefix=/tmp/gcc-9.2.0]
  ignore line: [Thread model: posix]
  ignore line: [gcc version 9.2.0 (GCC) ]
  ignore line: [COLLECT_GCC_OPTIONS='-v' '-o' 'CMakeFiles/cmTC_1271f.dir/CMakeCXXCompilerABI.cpp.o' '-c' '-shared-libgcc' '-mtune=generic' '-march=x86-64']
  ignore line: [ /local/java/gcc-9.2.0/bin/../libexec/gcc/x86_64-pc-linux-gnu/9.2.0/cc1plus -quiet -v -iprefix /local/java/gcc-9.2.0/bin/../lib/gcc/x86_64-pc-linux-gnu/9.2.0/ -D_GNU_SOURCE /local/java/cmake-3.24.2-linux-x86_64/share/cmake-3.24/Modules/CMakeCXXCompilerABI.cpp -quiet -dumpbase CMakeCXXCompilerABI.cpp -mtune=generic -march=x86-64 -auxbase-strip CMakeFiles/cmTC_1271f.dir/CMakeCXXCompilerABI.cpp.o -version -o /tmp/dcs-tmp.u2145461/cc5rvZtx.s]
  ignore line: [GNU C++14 (GCC) version 9.2.0 (x86_64-pc-linux-gnu)]
  ignore line: [	compiled by GNU C version 9.2.0  GMP version 6.0.0  MPFR version 3.1.1  MPC version 1.0.1  isl version none]
  ignore line: [warning: GMP header version 6.0.0 differs from library version 6.1.2.]
  ignore line: [warning: MPFR header version 3.1.1 differs from library version 3.1.6-p2.]
  ignore line: [warning: MPC header version 1.0.1 differs from library version 1.1.0.]
  ignore line: [GGC heuristics: --param ggc-min-expand=100 --param ggc-min-heapsize=131072]
  ignore line: [ignoring nonexistent directory "/local/java/gcc-9.2.0/bin/../lib/gcc/x86_64-pc-linux-gnu/9.2.0/../../../../x86_64-pc-linux-gnu/include"]
  ignore line: [ignoring duplicate directory "/local/java/gcc-9.2.0/bin/../lib/gcc/../../lib/gcc/x86_64-pc-linux-gnu/9.2.0/../../../../include/c++/9.2.0"]
  ignore line: [ignoring duplicate directory "/local/java/gcc-9.2.0/bin/../lib/gcc/../../lib/gcc/x86_64-pc-linux-gnu/9.2.0/../../../../include/c++/9.2.0/x86_64-pc-linux-gnu"]
  ignore line: [ignoring duplicate directory "/local/java/gcc-9.2.0/bin/../lib/gcc/../../lib/gcc/x86_64-pc-linux-gnu/9.2.0/../../../../include/c++/9.2.0/backward"]
  ignore line: [ignoring duplicate directory "/local/java/gcc-9.2.0/bin/../lib/gcc/../../lib/gcc/x86_64-pc-linux-gnu/9.2.0/include"]
  ignore line: [ignoring duplicate directory "/local/java/gcc-9.2.0/bin/../lib/gcc/../../lib/gcc/x86_64-pc-linux-gnu/9.2.0/include-fixed"]
  ignore line: [ignoring nonexistent directory "/local/java/gcc-9.2.0/bin/../lib/gcc/../../lib/gcc/x86_64-pc-linux-gnu/9.2.0/../../../../x86_64-pc-linux-gnu/include"]
  ignore line: [#include "..." search starts here:]
  ignore line: [#include <...> search starts here:]
  ignore line: [ /local/java/gcc-9.2.0/bin/../lib/gcc/x86_64-pc-linux-gnu/9.2.0/../../../../include/c++/9.2.0]
  ignore line: [ /local/java/gcc-9.2.0/bin/../lib/gcc/x86_64-pc-linux-gnu/9.2.0/../../../../include/c++/9.2.0/x86_64-pc-linux-gnu]
  ignore line: [ /local/java/gcc-9.2.0/bin/../lib/gcc/x86_64-pc-linux-gnu/9.2.0/../../../../include/c++/9.2.0/backward]
  ignore line: [ /local/java/gcc-9.2.0/bin/../lib/gcc/x86_64-pc-linux-gnu/9.2.0/include]
  ignore line: [ /local/java/gcc-9.2.0/bin/../lib/gcc/x86_64-pc-linux-gnu/9.2.0/include-fixed]
  ignore line: [ /usr/local/include]
  ignore line: [ /local/java/gcc-9.2.0/bin/../lib/gcc/../../include]
  ignore line: [ /usr/include]
  ignore line: [End of search list.]
  ignore line: [GNU C++14 (GCC) version 9.2.0 (x86_64-pc-linux-gnu)]
  ignore line: [	compiled by GNU C version 9.2.0  GMP version 6.0.0  MPFR version 3.1.1  MPC version 1.0.1  isl version none]
  ignore line: [warning: GMP header version 6.0.0 differs from library version 6.1.2.]
  ignore line: [warning: MPFR header version 3.1.1 differs from library version 3.1.6-p2.]
  ignore line: [warning: MPC header version 1.0.1 differs from library version 1.1.0.]
  ignore line: [GGC heuristics: --param ggc-min-expand=100 --param ggc-min-heapsize=131072]
  ignore line: [Compiler executable checksum: 958a0ad1fdffa8b1961706ed08c3e591]
  ignore line: [COLLECT_GCC_OPTIONS='-v' '-o' 'CMakeFiles/cmTC_1271f.dir/CMakeCXXCompilerABI.cpp.o' '-c' '-shared-libgcc' '-mtune=generic' '-march=x86-64']
  ignore line: [ as -v --64 -o CMakeFiles/cmTC_1271f.dir/CMakeCXXCompilerABI.cpp.o /tmp/dcs-tmp.u2145461/cc5rvZtx.s]
  ignore line: [GNU assembler version 2.30 (x86_64-redhat-linux) using BFD version version 2.30-119.el8_8.2]
  ignore line: [COMPILER_PATH=/local/java/gcc-9.2.0/bin/../libexec/gcc/x86_64-pc-linux-gnu/9.2.0/:/local/java/gcc-9.2.0/bin/../libexec/gcc/]
  ignore line: [LIBRARY_PATH=/local/java/gcc-9.2.0/bin/../lib/gcc/x86_64-pc-linux-gnu/9.2.0/:/local/java/gcc-9.2.0/bin/../lib/gcc/:/local/java/gcc-9.2.0/bin/../lib/gcc/x86_64-pc-linux-gnu/9.2.0/../../../../lib64/:/lib/../lib64/:/usr/lib/../lib64/:/local/java/gcc-9.2.0/bin/../lib/gcc/x86_64-pc-linux-gnu/9.2.0/../../../:/lib/:/usr/lib/]
  ignore line: [COLLECT_GCC_OPTIONS='-v' '-o' 'CMakeFiles/cmTC_1271f.dir/CMakeCXXCompilerABI.cpp.o' '-c' '-shared-libgcc' '-mtune=generic' '-march=x86-64']
  ignore line: [Linking CXX executable cmTC_1271f]
  ignore line: [/local/java/cmake-3.24.2-linux-x86_64/bin/cmake -E cmake_link_script CMakeFiles/cmTC_1271f.dir/link.txt --verbose=1]
  ignore line: [/local/java/gcc-9/bin/g++  -v CMakeFiles/cmTC_1271f.dir/CMakeCXXCompilerABI.cpp.o -o cmTC_1271f ]
  ignore line: [Using built-in specs.]
  ignore line: [COLLECT_GCC=/local/java/gcc-9/bin/g++]
  ignore line: [COLLECT_LTO_WRAPPER=/local/java/gcc-9.2.0/bin/../libexec/gcc/x86_64-pc-linux-gnu/9.2.0/lto-wrapper]
  ignore line: [Target: x86_64-pc-linux-gnu]
  ignore line: [Configured with: ./configure --prefix=/tmp/gcc-9.2.0]
  ignore line: [Thread model: posix]
  ignore line: [gcc version 9.2.0 (GCC) ]
  ignore line: [COMPILER_PATH=/local/java/gcc-9.2.0/bin/../libexec/gcc/x86_64-pc-linux-gnu/9.2.0/:/local/java/gcc-9.2.0/bin/../libexec/gcc/]
  ignore line: [LIBRARY_PATH=/local/java/gcc-9.2.0/bin/../lib/gcc/x86_64-pc-linux-gnu/9.2.0/:/local/java/gcc-9.2.0/bin/../lib/gcc/:/local/java/gcc-9.2.0/bin/../lib/gcc/x86_64-pc-linux-gnu/9.2.0/../../../../lib64/:/lib/../lib64/:/usr/lib/../lib64/:/local/java/gcc-9.2.0/bin/../lib/gcc/x86_64-pc-linux-gnu/9.2.0/../../../:/lib/:/usr/lib/]
  ignore line: [COLLECT_GCC_OPTIONS='-v' '-o' 'cmTC_1271f' '-shared-libgcc' '-mtune=generic' '-march=x86-64']
  link line: [ /local/java/gcc-9.2.0/bin/../libexec/gcc/x86_64-pc-linux-gnu/9.2.0/collect2 -plugin /local/java/gcc-9.2.0/bin/../libexec/gcc/x86_64-pc-linux-gnu/9.2.0/liblto_plugin.so -plugin-opt=/local/java/gcc-9.2.0/bin/../libexec/gcc/x86_64-pc-linux-gnu/9.2.0/lto-wrapper -plugin-opt=-fresolution=/tmp/dcs-tmp.u2145461/ccEuOL4s.res -plugin-opt=-pass-through=-lgcc_s -plugin-opt=-pass-through=-lgcc -plugin-opt=-pass-through=-lc -plugin-opt=-pass-through=-lgcc_s -plugin-opt=-pass-through=-lgcc --eh-frame-hdr -m elf_x86_64 -dynamic-linker /lib64/ld-linux-x86-64.so.2 -o cmTC_1271f /lib/../lib64/crt1.o /lib/../lib64/crti.o /local/java/gcc-9.2.0/bin/../lib/gcc/x86_64-pc-linux-gnu/9.2.0/crtbegin.o -L/local/java/gcc-9.2.0/bin/../lib/gcc/x86_64-pc-linux-gnu/9.2.0 -L/local/java/gcc-9.2.0/bin/../lib/gcc -L/local/java/gcc-9.2.0/bin/../lib/gcc/x86_64-pc-linux-gnu/9.2.0/../../../../lib64 -L/lib/../lib64 -L/usr/lib/../lib64 -L/local/java/gcc-9.2.0/bin/../lib/gcc/x86_64-pc-linux-gnu/9.2.0/../../.. CMakeFiles/cmTC_1271f.dir/CMakeCXXCompilerABI.cpp.o -lstdc++ -lm -lgcc_s -lgcc -lc -lgcc_s -lgcc /local/java/gcc-9.2.0/bin/../lib/gcc/x86_64-pc-linux-gnu/9.2.0/crtend.o /lib/../lib64/crtn.o]
    arg [/local/java/gcc-9.2.0/bin/../libexec/gcc/x86_64-pc-linux-gnu/9.2.0/collect2] ==> ignore
    arg [-plugin] ==> ignore
    arg [/local/java/gcc-9.2.0/bin/../libexec/gcc/x86_64-pc-linux-gnu/9.2.0/liblto_plugin.so] ==> ignore
    arg [-plugin-opt=/local/java/gcc-9.2.0/bin/../libexec/gcc/x86_64-pc-linux-gnu/9.2.0/lto-wrapper] ==> ignore
    arg [-plugin-opt=-fresolution=/tmp/dcs-tmp.u2145461/ccEuOL4s.res] ==> ignore
    arg [-plugin-opt=-pass-through=-lgcc_s] ==> ignore
    arg [-plugin-opt=-pass-through=-lgcc] ==> ignore
    arg [-plugin-opt=-pass-through=-lc] ==> ignore
    arg [-plugin-opt=-pass-through=-lgcc_s] ==> ignore
    arg [-plugin-opt=-pass-through=-lgcc] ==> ignore
    arg [--eh-frame-hdr] ==> ignore
    arg [-m] ==> ignore
    arg [elf_x86_64] ==> ignore
    arg [-dynamic-linker] ==> ignore
    arg [/lib64/ld-linux-x86-64.so.2] ==> ignore
    arg [-o] ==> ignore
    arg [cmTC_1271f] ==> ignore
    arg [/lib/../lib64/crt1.o] ==> obj [/lib/../lib64/crt1.o]
    arg [/lib/../lib64/crti.o] ==> obj [/lib/../lib64/crti.o]
    arg [/local/java/gcc-9.2.0/bin/../lib/gcc/x86_64-pc-linux-gnu/9.2.0/crtbegin.o] ==> obj [/local/java/gcc-9.2.0/bin/../lib/gcc/x86_64-pc-linux-gnu/9.2.0/crtbegin.o]
    arg [-L/local/java/gcc-9.2.0/bin/../lib/gcc/x86_64-pc-linux-gnu/9.2.0] ==> dir [/local/java/gcc-9.2.0/bin/../lib/gcc/x86_64-pc-linux-gnu/9.2.0]
    arg [-L/local/java/gcc-9.2.0/bin/../lib/gcc] ==> dir [/local/java/gcc-9.2.0/bin/../lib/gcc]
    arg [-L/local/java/gcc-9.2.0/bin/../lib/gcc/x86_64-pc-linux-gnu/9.2.0/../../../../lib64] ==> dir [/local/java/gcc-9.2.0/bin/../lib/gcc/x86_64-pc-linux-gnu/9.2.0/../../../../lib64]
    arg [-L/lib/../lib64] ==> dir [/lib/../lib64]
    arg [-L/usr/lib/../lib64] ==> dir [/usr/lib/../lib64]
    arg [-L/local/java/gcc-9.2.0/bin/../lib/gcc/x86_64-pc-linux-gnu/9.2.0/../../..] ==> dir [/local/java/gcc-9.2.0/bin/../lib/gcc/x86_64-pc-linux-gnu/9.2.0/../../..]
    arg [CMakeFiles/cmTC_1271f.dir/CMakeCXXCompilerABI.cpp.o] ==> ignore
    arg [-lstdc++] ==> lib [stdc++]
    arg [-lm] ==> lib [m]
    arg [-lgcc_s] ==> lib [gcc_s]
    arg [-lgcc] ==> lib [gcc]
    arg [-lc] ==> lib [c]
    arg [-lgcc_s] ==> lib [gcc_s]
    arg [-lgcc] ==> lib [gcc]
    arg [/local/java/gcc-9.2.0/bin/../lib/gcc/x86_64-pc-linux-gnu/9.2.0/crtend.o] ==> obj [/local/java/gcc-9.2.0/bin/../lib/gcc/x86_64-pc-linux-gnu/9.2.0/crtend.o]
    arg [/lib/../lib64/crtn.o] ==> obj [/lib/../lib64/crtn.o]
  collapse obj [/lib/../lib64/crt1.o] ==> [/lib64/crt1.o]
  collapse obj [/lib/../lib64/crti.o] ==> [/lib64/crti.o]
  collapse obj [/local/java/gcc-9.2.0/bin/../lib/gcc/x86_64-pc-linux-gnu/9.2.0/crtbegin.o] ==> [/local/java/gcc-9.2.0/lib/gcc/x86_64-pc-linux-gnu/9.2.0/crtbegin.o]
  collapse obj [/local/java/gcc-9.2.0/bin/../lib/gcc/x86_64-pc-linux-gnu/9.2.0/crtend.o] ==> [/local/java/gcc-9.2.0/lib/gcc/x86_64-pc-linux-gnu/9.2.0/crtend.o]
  collapse obj [/lib/../lib64/crtn.o] ==> [/lib64/crtn.o]
  collapse library dir [/local/java/gcc-9.2.0/bin/../lib/gcc/x86_64-pc-linux-gnu/9.2.0] ==> [/local/java/gcc-9.2.0/lib/gcc/x86_64-pc-linux-gnu/9.2.0]
  collapse library dir [/local/java/gcc-9.2.0/bin/../lib/gcc] ==> [/local/java/gcc-9.2.0/lib/gcc]
  collapse library dir [/local/java/gcc-9.2.0/bin/../lib/gcc/x86_64-pc-linux-gnu/9.2.0/../../../../lib64] ==> [/local/java/gcc-9.2.0/lib64]
  collapse library dir [/lib/../lib64] ==> [/lib64]
  collapse library dir [/usr/lib/../lib64] ==> [/usr/lib64]
  collapse library dir [/local/java/gcc-9.2.0/bin/../lib/gcc/x86_64-pc-linux-gnu/9.2.0/../../..] ==> [/local/java/gcc-9.2.0/lib]
  implicit libs: [stdc++;m;gcc_s;gcc;c;gcc_s;gcc]
  implicit objs: [/lib64/crt1.o;/lib64/crti.o;/local/java/gcc-9.2.0/lib/gcc/x86_64-pc-linux-gnu/9.2.0/crtbegin.o;/local/java/gcc-9.2.0/lib/gcc/x86_64-pc-linux-gnu/9.2.0/crtend.o;/lib64/crtn.o]
  implicit dirs: [/local/java/gcc-9.2.0/lib/gcc/x86_64-pc-linux-gnu/9.2.0;/local/java/gcc-9.2.0/lib/gcc;/local/java/gcc-9.2.0/lib64;/lib64;/usr/lib64;/local/java/gcc-9.2.0/lib]
  implicit fwks: []


